[2023-09-09 14:51:39] production.ERROR: json_decode error: Syntax error {"userId":1,"exception":"[object] (GuzzleHttp\\Exception\\InvalidArgumentException(code: 0): json_decode error: Syntax error at C:\\xampp\\htdocs\\booking\\vendor\\guzzlehttp\\guzzle\\src\\Utils.php:278)
[stacktrace]
#0 C:\\xampp\\htdocs\\booking\\vendor\\guzzlehttp\\guzzle\\src\\functions.php(149): GuzzleHttp\\Utils::jsonDecode('[\\r\\n\"Home\":\"\\xD8\\xA8\\xD9\\x8A...', true, 512, 0)
#1 C:\\xampp\\htdocs\\booking\\modules\\Language\\Admin\\TranslationsController.php(298): GuzzleHttp\\json_decode('[\\r\\n\"Home\":\"\\xD8\\xA8\\xD9\\x8A...', true)
#2 C:\\xampp\\htdocs\\booking\\vendor\\laravel\\framework\\src\\Illuminate\\Routing\\Controller.php(54): Modules\\Language\\Admin\\TranslationsController->loadTranslateJson(Object(Illuminate\\Http\\Request))
#3 C:\\xampp\\htdocs\\booking\\vendor\\laravel\\framework\\src\\Illuminate\\Routing\\ControllerDispatcher.php(43): Illuminate\\Routing\\Controller->callAction('loadTranslateJs...', Array)
#4 C:\\xampp\\htdocs\\booking\\vendor\\laravel\\framework\\src\\Illuminate\\Routing\\Route.php(260): Illuminate\\Routing\\ControllerDispatcher->dispatch(Object(Illuminate\\Routing\\Route), Object(Modules\\Language\\Admin\\TranslationsController), 'loadTranslateJs...')
#5 C:\\xampp\\htdocs\\booking\\vendor\\laravel\\framework\\src\\Illuminate\\Routing\\Route.php(205): Illuminate\\Routing\\Route->runController()
#6 C:\\xampp\\htdocs\\booking\\vendor\\laravel\\framework\\src\\Illuminate\\Routing\\Router.php(798): Illuminate\\Routing\\Route->run()
#7 C:\\xampp\\htdocs\\booking\\vendor\\laravel\\framework\\src\\Illuminate\\Pipeline\\Pipeline.php(141): Illuminate\\Routing\\Router->Illuminate\\Routing\\{closure}(Object(Illuminate\\Http\\Request))
#8 C:\\xampp\\htdocs\\booking\\app\\Http\\Middleware\\Dashboard.php(25): Illuminate\\Pipeline\\Pipeline->Illuminate\\Pipeline\\{closure}(Object(Illuminate\\Http\\Request))
#9 C:\\xampp\\htdocs\\booking\\vendor\\laravel\\framework\\src\\Illuminate\\Pipeline\\Pipeline.php(180): App\\Http\\Middleware\\Dashboard->handle(Object(Illuminate\\Http\\Request), Object(Closure))
#10 C:\\xampp\\htdocs\\booking\\app\\Http\\Middleware\\RequireChangePassword.php(41): Illuminate\\Pipeline\\Pipeline->Illuminate\\Pipeline\\{closure}(Object(Illuminate\\Http\\Request))
#11 C:\\xampp\\htdocs\\booking\\vendor\\laravel\\framework\\src\\Illuminate\\Pipeline\\Pipeline.php(180): App\\Http\\Middleware\\RequireChangePassword->handle(Object(Illuminate\\Http\\Request), Object(Closure))
#12 C:\\xampp\\htdocs\\booking\\app\\Http\\Middleware\\SetLanguageForAdmin.php(37): Illuminate\\Pipeline\\Pipeline->Illuminate\\Pipeline\\{closure}(Object(Illuminate\\Http\\Request))
#13 C:\\xampp\\htdocs\\booking\\vendor\\laravel\\framework\\src\\Illuminate\\Pipeline\\Pipeline.php(180): App\\Http\\Middleware\\SetLanguageForAdmin->handle(Object(Illuminate\\Http\\Request), Object(Closure))
#14 C:\\xampp\\htdocs\\booking\\app\\Http\\Middleware\\SetCurrentCurrency.php(48): Illuminate\\Pipeline\\Pipeline->Illuminate\\Pipeline\\{closure}(Object(Illuminate\\Http\\Request))
#15 C:\\xampp\\htdocs\\booking\\vendor\\laravel\\framework\\src\\Illuminate\\Pipeline\\Pipeline.php(180): App\\Http\\Middleware\\SetCurrentCurrency->handle(Object(Illuminate\\Http\\Request), Object(Closure))
#16 C:\\xampp\\htdocs\\booking\\app\\Http\\Middleware\\HideDebugbar.php(32): Illuminate\\Pipeline\\Pipeline->Illuminate\\Pipeline\\{closure}(Object(Illuminate\\Http\\Request))
#17 C:\\xampp\\htdocs\\booking\\vendor\\laravel\\framework\\src\\Illuminate\\Pipeline\\Pipeline.php(180): App\\Http\\Middleware\\HideDebugbar->handle(Object(Illuminate\\Http\\Request), Object(Closure))
#18 C:\\xampp\\htdocs\\booking\\app\\Http\\Middleware\\RedirectForMultiLanguage.php(58): Illuminate\\Pipeline\\Pipeline->Illuminate\\Pipeline\\{closure}(Object(Illuminate\\Http\\Request))
#19 C:\\xampp\\htdocs\\booking\\vendor\\laravel\\framework\\src\\Illuminate\\Pipeline\\Pipeline.php(180): App\\Http\\Middleware\\RedirectForMultiLanguage->handle(Object(Illuminate\\Http\\Request), Object(Closure))
#20 C:\\xampp\\htdocs\\booking\\vendor\\laravel\\framework\\src\\Illuminate\\Routing\\Middleware\\SubstituteBindings.php(50): Illuminate\\Pipeline\\Pipeline->Illuminate\\Pipeline\\{closure}(Object(Illuminate\\Http\\Request))
#21 C:\\xampp\\htdocs\\booking\\vendor\\laravel\\framework\\src\\Illuminate\\Pipeline\\Pipeline.php(180): Illuminate\\Routing\\Middleware\\SubstituteBindings->handle(Object(Illuminate\\Http\\Request), Object(Closure))
#22 C:\\xampp\\htdocs\\booking\\vendor\\laravel\\framework\\src\\Illuminate\\Foundation\\Http\\Middleware\\VerifyCsrfToken.php(78): Illuminate\\Pipeline\\Pipeline->Illuminate\\Pipeline\\{closure}(Object(Illuminate\\Http\\Request))
#23 C:\\xampp\\htdocs\\booking\\vendor\\laravel\\framework\\src\\Illuminate\\Pipeline\\Pipeline.php(180): Illuminate\\Foundation\\Http\\Middleware\\VerifyCsrfToken->handle(Object(Illuminate\\Http\\Request), Object(Closure))
#24 C:\\xampp\\htdocs\\booking\\vendor\\laravel\\framework\\src\\Illuminate\\View\\Middleware\\ShareErrorsFromSession.php(49): Illuminate\\Pipeline\\Pipeline->Illuminate\\Pipeline\\{closure}(Object(Illuminate\\Http\\Request))
#25 C:\\xampp\\htdocs\\booking\\vendor\\laravel\\framework\\src\\Illuminate\\Pipeline\\Pipeline.php(180): Illuminate\\View\\Middleware\\ShareErrorsFromSession->handle(Object(Illuminate\\Http\\Request), Object(Closure))
#26 C:\\xampp\\htdocs\\booking\\vendor\\laravel\\framework\\src\\Illuminate\\Session\\Middleware\\StartSession.php(121): Illuminate\\Pipeline\\Pipeline->Illuminate\\Pipeline\\{closure}(Object(Illuminate\\Http\\Request))
#27 C:\\xampp\\htdocs\\booking\\vendor\\laravel\\framework\\src\\Illuminate\\Session\\Middleware\\StartSession.php(64): Illuminate\\Session\\Middleware\\StartSession->handleStatefulRequest(Object(Illuminate\\Http\\Request), Object(Illuminate\\Session\\Store), Object(Closure))
#28 C:\\xampp\\htdocs\\booking\\vendor\\laravel\\framework\\src\\Illuminate\\Pipeline\\Pipeline.php(180): Illuminate\\Session\\Middleware\\StartSession->handle(Object(Illuminate\\Http\\Request), Object(Closure))
#29 C:\\xampp\\htdocs\\booking\\vendor\\laravel\\framework\\src\\Illuminate\\Cookie\\Middleware\\AddQueuedCookiesToResponse.php(37): Illuminate\\Pipeline\\Pipeline->Illuminate\\Pipeline\\{closure}(Object(Illuminate\\Http\\Request))
#30 C:\\xampp\\htdocs\\booking\\vendor\\laravel\\framework\\src\\Illuminate\\Pipeline\\Pipeline.php(180): Illuminate\\Cookie\\Middleware\\AddQueuedCookiesToResponse->handle(Object(Illuminate\\Http\\Request), Object(Closure))
#31 C:\\xampp\\htdocs\\booking\\vendor\\laravel\\framework\\src\\Illuminate\\Cookie\\Middleware\\EncryptCookies.php(67): Illuminate\\Pipeline\\Pipeline->Illuminate\\Pipeline\\{closure}(Object(Illuminate\\Http\\Request))
#32 C:\\xampp\\htdocs\\booking\\vendor\\laravel\\framework\\src\\Illuminate\\Pipeline\\Pipeline.php(180): Illuminate\\Cookie\\Middleware\\EncryptCookies->handle(Object(Illuminate\\Http\\Request), Object(Closure))
#33 C:\\xampp\\htdocs\\booking\\vendor\\laravel\\framework\\src\\Illuminate\\Pipeline\\Pipeline.php(116): Illuminate\\Pipeline\\Pipeline->Illuminate\\Pipeline\\{closure}(Object(Illuminate\\Http\\Request))
#34 C:\\xampp\\htdocs\\booking\\vendor\\laravel\\framework\\src\\Illuminate\\Routing\\Router.php(799): Illuminate\\Pipeline\\Pipeline->then(Object(Closure))
#35 C:\\xampp\\htdocs\\booking\\vendor\\laravel\\framework\\src\\Illuminate\\Routing\\Router.php(776): Illuminate\\Routing\\Router->runRouteWithinStack(Object(Illuminate\\Routing\\Route), Object(Illuminate\\Http\\Request))
#36 C:\\xampp\\htdocs\\booking\\vendor\\laravel\\framework\\src\\Illuminate\\Routing\\Router.php(740): Illuminate\\Routing\\Router->runRoute(Object(Illuminate\\Http\\Request), Object(Illuminate\\Routing\\Route))
#37 C:\\xampp\\htdocs\\booking\\vendor\\laravel\\framework\\src\\Illuminate\\Routing\\Router.php(729): Illuminate\\Routing\\Router->dispatchToRoute(Object(Illuminate\\Http\\Request))
#38 C:\\xampp\\htdocs\\booking\\vendor\\laravel\\framework\\src\\Illuminate\\Foundation\\Http\\Kernel.php(190): Illuminate\\Routing\\Router->dispatch(Object(Illuminate\\Http\\Request))
#39 C:\\xampp\\htdocs\\booking\\vendor\\laravel\\framework\\src\\Illuminate\\Pipeline\\Pipeline.php(141): Illuminate\\Foundation\\Http\\Kernel->Illuminate\\Foundation\\Http\\{closure}(Object(Illuminate\\Http\\Request))
#40 C:\\xampp\\htdocs\\booking\\themes\\Base\\Core\\Middleware\\RunUpdater.php(72): Illuminate\\Pipeline\\Pipeline->Illuminate\\Pipeline\\{closure}(Object(Illuminate\\Http\\Request))
#41 C:\\xampp\\htdocs\\booking\\vendor\\laravel\\framework\\src\\Illuminate\\Pipeline\\Pipeline.php(180): Themes\\Base\\Core\\Middleware\\RunUpdater->handle(Object(Illuminate\\Http\\Request), Object(Closure))
#42 C:\\xampp\\htdocs\\booking\\vendor\\barryvdh\\laravel-debugbar\\src\\Middleware\\InjectDebugbar.php(59): Illuminate\\Pipeline\\Pipeline->Illuminate\\Pipeline\\{closure}(Object(Illuminate\\Http\\Request))
#43 C:\\xampp\\htdocs\\booking\\vendor\\laravel\\framework\\src\\Illuminate\\Pipeline\\Pipeline.php(180): Barryvdh\\Debugbar\\Middleware\\InjectDebugbar->handle(Object(Illuminate\\Http\\Request), Object(Closure))
#44 C:\\xampp\\htdocs\\booking\\vendor\\laravel\\framework\\src\\Illuminate\\Foundation\\Http\\Middleware\\TransformsRequest.php(21): Illuminate\\Pipeline\\Pipeline->Illuminate\\Pipeline\\{closure}(Object(Illuminate\\Http\\Request))
#45 C:\\xampp\\htdocs\\booking\\vendor\\laravel\\framework\\src\\Illuminate\\Foundation\\Http\\Middleware\\ConvertEmptyStringsToNull.php(31): Illuminate\\Foundation\\Http\\Middleware\\TransformsRequest->handle(Object(Illuminate\\Http\\Request), Object(Closure))
#46 C:\\xampp\\htdocs\\booking\\vendor\\laravel\\framework\\src\\Illuminate\\Pipeline\\Pipeline.php(180): Illuminate\\Foundation\\Http\\Middleware\\ConvertEmptyStringsToNull->handle(Object(Illuminate\\Http\\Request), Object(Closure))
#47 C:\\xampp\\htdocs\\booking\\vendor\\laravel\\framework\\src\\Illuminate\\Foundation\\Http\\Middleware\\TransformsRequest.php(21): Illuminate\\Pipeline\\Pipeline->Illuminate\\Pipeline\\{closure}(Object(Illuminate\\Http\\Request))
#48 C:\\xampp\\htdocs\\booking\\vendor\\laravel\\framework\\src\\Illuminate\\Foundation\\Http\\Middleware\\TrimStrings.php(40): Illuminate\\Foundation\\Http\\Middleware\\TransformsRequest->handle(Object(Illuminate\\Http\\Request), Object(Closure))
#49 C:\\xampp\\htdocs\\booking\\vendor\\laravel\\framework\\src\\Illuminate\\Pipeline\\Pipeline.php(180): Illuminate\\Foundation\\Http\\Middleware\\TrimStrings->handle(Object(Illuminate\\Http\\Request), Object(Closure))
#50 C:\\xampp\\htdocs\\booking\\vendor\\laravel\\framework\\src\\Illuminate\\Foundation\\Http\\Middleware\\ValidatePostSize.php(27): Illuminate\\Pipeline\\Pipeline->Illuminate\\Pipeline\\{closure}(Object(Illuminate\\Http\\Request))
#51 C:\\xampp\\htdocs\\booking\\vendor\\laravel\\framework\\src\\Illuminate\\Pipeline\\Pipeline.php(180): Illuminate\\Foundation\\Http\\Middleware\\ValidatePostSize->handle(Object(Illuminate\\Http\\Request), Object(Closure))
#52 C:\\xampp\\htdocs\\booking\\vendor\\laravel\\framework\\src\\Illuminate\\Foundation\\Http\\Middleware\\PreventRequestsDuringMaintenance.php(86): Illuminate\\Pipeline\\Pipeline->Illuminate\\Pipeline\\{closure}(Object(Illuminate\\Http\\Request))
#53 C:\\xampp\\htdocs\\booking\\vendor\\laravel\\framework\\src\\Illuminate\\Pipeline\\Pipeline.php(180): Illuminate\\Foundation\\Http\\Middleware\\PreventRequestsDuringMaintenance->handle(Object(Illuminate\\Http\\Request), Object(Closure))
#54 C:\\xampp\\htdocs\\booking\\vendor\\laravel\\framework\\src\\Illuminate\\Http\\Middleware\\HandleCors.php(49): Illuminate\\Pipeline\\Pipeline->Illuminate\\Pipeline\\{closure}(Object(Illuminate\\Http\\Request))
#55 C:\\xampp\\htdocs\\booking\\vendor\\laravel\\framework\\src\\Illuminate\\Pipeline\\Pipeline.php(180): Illuminate\\Http\\Middleware\\HandleCors->handle(Object(Illuminate\\Http\\Request), Object(Closure))
#56 C:\\xampp\\htdocs\\booking\\app\\Http\\Middleware\\RedirectToInstaller.php(40): Illuminate\\Pipeline\\Pipeline->Illuminate\\Pipeline\\{closure}(Object(Illuminate\\Http\\Request))
#57 C:\\xampp\\htdocs\\booking\\vendor\\laravel\\framework\\src\\Illuminate\\Pipeline\\Pipeline.php(180): App\\Http\\Middleware\\RedirectToInstaller->handle(Object(Illuminate\\Http\\Request), Object(Closure))
#58 C:\\xampp\\htdocs\\booking\\vendor\\laravel\\framework\\src\\Illuminate\\Http\\Middleware\\TrustProxies.php(39): Illuminate\\Pipeline\\Pipeline->Illuminate\\Pipeline\\{closure}(Object(Illuminate\\Http\\Request))
#59 C:\\xampp\\htdocs\\booking\\vendor\\laravel\\framework\\src\\Illuminate\\Pipeline\\Pipeline.php(180): Illuminate\\Http\\Middleware\\TrustProxies->handle(Object(Illuminate\\Http\\Request), Object(Closure))
#60 C:\\xampp\\htdocs\\booking\\vendor\\laravel\\framework\\src\\Illuminate\\Pipeline\\Pipeline.php(116): Illuminate\\Pipeline\\Pipeline->Illuminate\\Pipeline\\{closure}(Object(Illuminate\\Http\\Request))
#61 C:\\xampp\\htdocs\\booking\\vendor\\laravel\\framework\\src\\Illuminate\\Foundation\\Http\\Kernel.php(165): Illuminate\\Pipeline\\Pipeline->then(Object(Closure))
#62 C:\\xampp\\htdocs\\booking\\vendor\\laravel\\framework\\src\\Illuminate\\Foundation\\Http\\Kernel.php(134): Illuminate\\Foundation\\Http\\Kernel->sendRequestThroughRouter(Object(Illuminate\\Http\\Request))
#63 C:\\xampp\\htdocs\\booking\\public\\index.php(72): Illuminate\\Foundation\\Http\\Kernel->handle(Object(Illuminate\\Http\\Request))
#64 C:\\xampp\\htdocs\\booking\\server.php(21): require_once('C:\\\\xampp\\\\htdocs...')
#65 {main}
"} 
[2023-09-09 14:51:48] production.ERROR: json_decode error: Syntax error {"userId":1,"exception":"[object] (GuzzleHttp\\Exception\\InvalidArgumentException(code: 0): json_decode error: Syntax error at C:\\xampp\\htdocs\\booking\\vendor\\guzzlehttp\\guzzle\\src\\Utils.php:278)
[stacktrace]
#0 C:\\xampp\\htdocs\\booking\\vendor\\guzzlehttp\\guzzle\\src\\functions.php(149): GuzzleHttp\\Utils::jsonDecode('[\\r\\n\"Home\":\"\\xD8\\xA8\\xD9\\x8A...', true, 512, 0)
#1 C:\\xampp\\htdocs\\booking\\modules\\Language\\Admin\\TranslationsController.php(298): GuzzleHttp\\json_decode('[\\r\\n\"Home\":\"\\xD8\\xA8\\xD9\\x8A...', true)
#2 C:\\xampp\\htdocs\\booking\\vendor\\laravel\\framework\\src\\Illuminate\\Routing\\Controller.php(54): Modules\\Language\\Admin\\TranslationsController->loadTranslateJson(Object(Illuminate\\Http\\Request))
#3 C:\\xampp\\htdocs\\booking\\vendor\\laravel\\framework\\src\\Illuminate\\Routing\\ControllerDispatcher.php(43): Illuminate\\Routing\\Controller->callAction('loadTranslateJs...', Array)
#4 C:\\xampp\\htdocs\\booking\\vendor\\laravel\\framework\\src\\Illuminate\\Routing\\Route.php(260): Illuminate\\Routing\\ControllerDispatcher->dispatch(Object(Illuminate\\Routing\\Route), Object(Modules\\Language\\Admin\\TranslationsController), 'loadTranslateJs...')
#5 C:\\xampp\\htdocs\\booking\\vendor\\laravel\\framework\\src\\Illuminate\\Routing\\Route.php(205): Illuminate\\Routing\\Route->runController()
#6 C:\\xampp\\htdocs\\booking\\vendor\\laravel\\framework\\src\\Illuminate\\Routing\\Router.php(798): Illuminate\\Routing\\Route->run()
#7 C:\\xampp\\htdocs\\booking\\vendor\\laravel\\framework\\src\\Illuminate\\Pipeline\\Pipeline.php(141): Illuminate\\Routing\\Router->Illuminate\\Routing\\{closure}(Object(Illuminate\\Http\\Request))
#8 C:\\xampp\\htdocs\\booking\\app\\Http\\Middleware\\Dashboard.php(25): Illuminate\\Pipeline\\Pipeline->Illuminate\\Pipeline\\{closure}(Object(Illuminate\\Http\\Request))
#9 C:\\xampp\\htdocs\\booking\\vendor\\laravel\\framework\\src\\Illuminate\\Pipeline\\Pipeline.php(180): App\\Http\\Middleware\\Dashboard->handle(Object(Illuminate\\Http\\Request), Object(Closure))
#10 C:\\xampp\\htdocs\\booking\\app\\Http\\Middleware\\RequireChangePassword.php(41): Illuminate\\Pipeline\\Pipeline->Illuminate\\Pipeline\\{closure}(Object(Illuminate\\Http\\Request))
#11 C:\\xampp\\htdocs\\booking\\vendor\\laravel\\framework\\src\\Illuminate\\Pipeline\\Pipeline.php(180): App\\Http\\Middleware\\RequireChangePassword->handle(Object(Illuminate\\Http\\Request), Object(Closure))
#12 C:\\xampp\\htdocs\\booking\\app\\Http\\Middleware\\SetLanguageForAdmin.php(37): Illuminate\\Pipeline\\Pipeline->Illuminate\\Pipeline\\{closure}(Object(Illuminate\\Http\\Request))
#13 C:\\xampp\\htdocs\\booking\\vendor\\laravel\\framework\\src\\Illuminate\\Pipeline\\Pipeline.php(180): App\\Http\\Middleware\\SetLanguageForAdmin->handle(Object(Illuminate\\Http\\Request), Object(Closure))
#14 C:\\xampp\\htdocs\\booking\\app\\Http\\Middleware\\SetCurrentCurrency.php(48): Illuminate\\Pipeline\\Pipeline->Illuminate\\Pipeline\\{closure}(Object(Illuminate\\Http\\Request))
#15 C:\\xampp\\htdocs\\booking\\vendor\\laravel\\framework\\src\\Illuminate\\Pipeline\\Pipeline.php(180): App\\Http\\Middleware\\SetCurrentCurrency->handle(Object(Illuminate\\Http\\Request), Object(Closure))
#16 C:\\xampp\\htdocs\\booking\\app\\Http\\Middleware\\HideDebugbar.php(32): Illuminate\\Pipeline\\Pipeline->Illuminate\\Pipeline\\{closure}(Object(Illuminate\\Http\\Request))
#17 C:\\xampp\\htdocs\\booking\\vendor\\laravel\\framework\\src\\Illuminate\\Pipeline\\Pipeline.php(180): App\\Http\\Middleware\\HideDebugbar->handle(Object(Illuminate\\Http\\Request), Object(Closure))
#18 C:\\xampp\\htdocs\\booking\\app\\Http\\Middleware\\RedirectForMultiLanguage.php(58): Illuminate\\Pipeline\\Pipeline->Illuminate\\Pipeline\\{closure}(Object(Illuminate\\Http\\Request))
#19 C:\\xampp\\htdocs\\booking\\vendor\\laravel\\framework\\src\\Illuminate\\Pipeline\\Pipeline.php(180): App\\Http\\Middleware\\RedirectForMultiLanguage->handle(Object(Illuminate\\Http\\Request), Object(Closure))
#20 C:\\xampp\\htdocs\\booking\\vendor\\laravel\\framework\\src\\Illuminate\\Routing\\Middleware\\SubstituteBindings.php(50): Illuminate\\Pipeline\\Pipeline->Illuminate\\Pipeline\\{closure}(Object(Illuminate\\Http\\Request))
#21 C:\\xampp\\htdocs\\booking\\vendor\\laravel\\framework\\src\\Illuminate\\Pipeline\\Pipeline.php(180): Illuminate\\Routing\\Middleware\\SubstituteBindings->handle(Object(Illuminate\\Http\\Request), Object(Closure))
#22 C:\\xampp\\htdocs\\booking\\vendor\\laravel\\framework\\src\\Illuminate\\Foundation\\Http\\Middleware\\VerifyCsrfToken.php(78): Illuminate\\Pipeline\\Pipeline->Illuminate\\Pipeline\\{closure}(Object(Illuminate\\Http\\Request))
#23 C:\\xampp\\htdocs\\booking\\vendor\\laravel\\framework\\src\\Illuminate\\Pipeline\\Pipeline.php(180): Illuminate\\Foundation\\Http\\Middleware\\VerifyCsrfToken->handle(Object(Illuminate\\Http\\Request), Object(Closure))
#24 C:\\xampp\\htdocs\\booking\\vendor\\laravel\\framework\\src\\Illuminate\\View\\Middleware\\ShareErrorsFromSession.php(49): Illuminate\\Pipeline\\Pipeline->Illuminate\\Pipeline\\{closure}(Object(Illuminate\\Http\\Request))
#25 C:\\xampp\\htdocs\\booking\\vendor\\laravel\\framework\\src\\Illuminate\\Pipeline\\Pipeline.php(180): Illuminate\\View\\Middleware\\ShareErrorsFromSession->handle(Object(Illuminate\\Http\\Request), Object(Closure))
#26 C:\\xampp\\htdocs\\booking\\vendor\\laravel\\framework\\src\\Illuminate\\Session\\Middleware\\StartSession.php(121): Illuminate\\Pipeline\\Pipeline->Illuminate\\Pipeline\\{closure}(Object(Illuminate\\Http\\Request))
#27 C:\\xampp\\htdocs\\booking\\vendor\\laravel\\framework\\src\\Illuminate\\Session\\Middleware\\StartSession.php(64): Illuminate\\Session\\Middleware\\StartSession->handleStatefulRequest(Object(Illuminate\\Http\\Request), Object(Illuminate\\Session\\Store), Object(Closure))
#28 C:\\xampp\\htdocs\\booking\\vendor\\laravel\\framework\\src\\Illuminate\\Pipeline\\Pipeline.php(180): Illuminate\\Session\\Middleware\\StartSession->handle(Object(Illuminate\\Http\\Request), Object(Closure))
#29 C:\\xampp\\htdocs\\booking\\vendor\\laravel\\framework\\src\\Illuminate\\Cookie\\Middleware\\AddQueuedCookiesToResponse.php(37): Illuminate\\Pipeline\\Pipeline->Illuminate\\Pipeline\\{closure}(Object(Illuminate\\Http\\Request))
#30 C:\\xampp\\htdocs\\booking\\vendor\\laravel\\framework\\src\\Illuminate\\Pipeline\\Pipeline.php(180): Illuminate\\Cookie\\Middleware\\AddQueuedCookiesToResponse->handle(Object(Illuminate\\Http\\Request), Object(Closure))
#31 C:\\xampp\\htdocs\\booking\\vendor\\laravel\\framework\\src\\Illuminate\\Cookie\\Middleware\\EncryptCookies.php(67): Illuminate\\Pipeline\\Pipeline->Illuminate\\Pipeline\\{closure}(Object(Illuminate\\Http\\Request))
#32 C:\\xampp\\htdocs\\booking\\vendor\\laravel\\framework\\src\\Illuminate\\Pipeline\\Pipeline.php(180): Illuminate\\Cookie\\Middleware\\EncryptCookies->handle(Object(Illuminate\\Http\\Request), Object(Closure))
#33 C:\\xampp\\htdocs\\booking\\vendor\\laravel\\framework\\src\\Illuminate\\Pipeline\\Pipeline.php(116): Illuminate\\Pipeline\\Pipeline->Illuminate\\Pipeline\\{closure}(Object(Illuminate\\Http\\Request))
#34 C:\\xampp\\htdocs\\booking\\vendor\\laravel\\framework\\src\\Illuminate\\Routing\\Router.php(799): Illuminate\\Pipeline\\Pipeline->then(Object(Closure))
#35 C:\\xampp\\htdocs\\booking\\vendor\\laravel\\framework\\src\\Illuminate\\Routing\\Router.php(776): Illuminate\\Routing\\Router->runRouteWithinStack(Object(Illuminate\\Routing\\Route), Object(Illuminate\\Http\\Request))
#36 C:\\xampp\\htdocs\\booking\\vendor\\laravel\\framework\\src\\Illuminate\\Routing\\Router.php(740): Illuminate\\Routing\\Router->runRoute(Object(Illuminate\\Http\\Request), Object(Illuminate\\Routing\\Route))
#37 C:\\xampp\\htdocs\\booking\\vendor\\laravel\\framework\\src\\Illuminate\\Routing\\Router.php(729): Illuminate\\Routing\\Router->dispatchToRoute(Object(Illuminate\\Http\\Request))
#38 C:\\xampp\\htdocs\\booking\\vendor\\laravel\\framework\\src\\Illuminate\\Foundation\\Http\\Kernel.php(190): Illuminate\\Routing\\Router->dispatch(Object(Illuminate\\Http\\Request))
#39 C:\\xampp\\htdocs\\booking\\vendor\\laravel\\framework\\src\\Illuminate\\Pipeline\\Pipeline.php(141): Illuminate\\Foundation\\Http\\Kernel->Illuminate\\Foundation\\Http\\{closure}(Object(Illuminate\\Http\\Request))
#40 C:\\xampp\\htdocs\\booking\\themes\\Base\\Core\\Middleware\\RunUpdater.php(72): Illuminate\\Pipeline\\Pipeline->Illuminate\\Pipeline\\{closure}(Object(Illuminate\\Http\\Request))
#41 C:\\xampp\\htdocs\\booking\\vendor\\laravel\\framework\\src\\Illuminate\\Pipeline\\Pipeline.php(180): Themes\\Base\\Core\\Middleware\\RunUpdater->handle(Object(Illuminate\\Http\\Request), Object(Closure))
#42 C:\\xampp\\htdocs\\booking\\vendor\\barryvdh\\laravel-debugbar\\src\\Middleware\\InjectDebugbar.php(59): Illuminate\\Pipeline\\Pipeline->Illuminate\\Pipeline\\{closure}(Object(Illuminate\\Http\\Request))
#43 C:\\xampp\\htdocs\\booking\\vendor\\laravel\\framework\\src\\Illuminate\\Pipeline\\Pipeline.php(180): Barryvdh\\Debugbar\\Middleware\\InjectDebugbar->handle(Object(Illuminate\\Http\\Request), Object(Closure))
#44 C:\\xampp\\htdocs\\booking\\vendor\\laravel\\framework\\src\\Illuminate\\Foundation\\Http\\Middleware\\TransformsRequest.php(21): Illuminate\\Pipeline\\Pipeline->Illuminate\\Pipeline\\{closure}(Object(Illuminate\\Http\\Request))
#45 C:\\xampp\\htdocs\\booking\\vendor\\laravel\\framework\\src\\Illuminate\\Foundation\\Http\\Middleware\\ConvertEmptyStringsToNull.php(31): Illuminate\\Foundation\\Http\\Middleware\\TransformsRequest->handle(Object(Illuminate\\Http\\Request), Object(Closure))
#46 C:\\xampp\\htdocs\\booking\\vendor\\laravel\\framework\\src\\Illuminate\\Pipeline\\Pipeline.php(180): Illuminate\\Foundation\\Http\\Middleware\\ConvertEmptyStringsToNull->handle(Object(Illuminate\\Http\\Request), Object(Closure))
#47 C:\\xampp\\htdocs\\booking\\vendor\\laravel\\framework\\src\\Illuminate\\Foundation\\Http\\Middleware\\TransformsRequest.php(21): Illuminate\\Pipeline\\Pipeline->Illuminate\\Pipeline\\{closure}(Object(Illuminate\\Http\\Request))
#48 C:\\xampp\\htdocs\\booking\\vendor\\laravel\\framework\\src\\Illuminate\\Foundation\\Http\\Middleware\\TrimStrings.php(40): Illuminate\\Foundation\\Http\\Middleware\\TransformsRequest->handle(Object(Illuminate\\Http\\Request), Object(Closure))
#49 C:\\xampp\\htdocs\\booking\\vendor\\laravel\\framework\\src\\Illuminate\\Pipeline\\Pipeline.php(180): Illuminate\\Foundation\\Http\\Middleware\\TrimStrings->handle(Object(Illuminate\\Http\\Request), Object(Closure))
#50 C:\\xampp\\htdocs\\booking\\vendor\\laravel\\framework\\src\\Illuminate\\Foundation\\Http\\Middleware\\ValidatePostSize.php(27): Illuminate\\Pipeline\\Pipeline->Illuminate\\Pipeline\\{closure}(Object(Illuminate\\Http\\Request))
#51 C:\\xampp\\htdocs\\booking\\vendor\\laravel\\framework\\src\\Illuminate\\Pipeline\\Pipeline.php(180): Illuminate\\Foundation\\Http\\Middleware\\ValidatePostSize->handle(Object(Illuminate\\Http\\Request), Object(Closure))
#52 C:\\xampp\\htdocs\\booking\\vendor\\laravel\\framework\\src\\Illuminate\\Foundation\\Http\\Middleware\\PreventRequestsDuringMaintenance.php(86): Illuminate\\Pipeline\\Pipeline->Illuminate\\Pipeline\\{closure}(Object(Illuminate\\Http\\Request))
#53 C:\\xampp\\htdocs\\booking\\vendor\\laravel\\framework\\src\\Illuminate\\Pipeline\\Pipeline.php(180): Illuminate\\Foundation\\Http\\Middleware\\PreventRequestsDuringMaintenance->handle(Object(Illuminate\\Http\\Request), Object(Closure))
#54 C:\\xampp\\htdocs\\booking\\vendor\\laravel\\framework\\src\\Illuminate\\Http\\Middleware\\HandleCors.php(49): Illuminate\\Pipeline\\Pipeline->Illuminate\\Pipeline\\{closure}(Object(Illuminate\\Http\\Request))
#55 C:\\xampp\\htdocs\\booking\\vendor\\laravel\\framework\\src\\Illuminate\\Pipeline\\Pipeline.php(180): Illuminate\\Http\\Middleware\\HandleCors->handle(Object(Illuminate\\Http\\Request), Object(Closure))
#56 C:\\xampp\\htdocs\\booking\\app\\Http\\Middleware\\RedirectToInstaller.php(40): Illuminate\\Pipeline\\Pipeline->Illuminate\\Pipeline\\{closure}(Object(Illuminate\\Http\\Request))
#57 C:\\xampp\\htdocs\\booking\\vendor\\laravel\\framework\\src\\Illuminate\\Pipeline\\Pipeline.php(180): App\\Http\\Middleware\\RedirectToInstaller->handle(Object(Illuminate\\Http\\Request), Object(Closure))
#58 C:\\xampp\\htdocs\\booking\\vendor\\laravel\\framework\\src\\Illuminate\\Http\\Middleware\\TrustProxies.php(39): Illuminate\\Pipeline\\Pipeline->Illuminate\\Pipeline\\{closure}(Object(Illuminate\\Http\\Request))
#59 C:\\xampp\\htdocs\\booking\\vendor\\laravel\\framework\\src\\Illuminate\\Pipeline\\Pipeline.php(180): Illuminate\\Http\\Middleware\\TrustProxies->handle(Object(Illuminate\\Http\\Request), Object(Closure))
#60 C:\\xampp\\htdocs\\booking\\vendor\\laravel\\framework\\src\\Illuminate\\Pipeline\\Pipeline.php(116): Illuminate\\Pipeline\\Pipeline->Illuminate\\Pipeline\\{closure}(Object(Illuminate\\Http\\Request))
#61 C:\\xampp\\htdocs\\booking\\vendor\\laravel\\framework\\src\\Illuminate\\Foundation\\Http\\Kernel.php(165): Illuminate\\Pipeline\\Pipeline->then(Object(Closure))
#62 C:\\xampp\\htdocs\\booking\\vendor\\laravel\\framework\\src\\Illuminate\\Foundation\\Http\\Kernel.php(134): Illuminate\\Foundation\\Http\\Kernel->sendRequestThroughRouter(Object(Illuminate\\Http\\Request))
#63 C:\\xampp\\htdocs\\booking\\public\\index.php(72): Illuminate\\Foundation\\Http\\Kernel->handle(Object(Illuminate\\Http\\Request))
#64 C:\\xampp\\htdocs\\booking\\server.php(21): require_once('C:\\\\xampp\\\\htdocs...')
#65 {main}
"} 
[2023-09-09 14:55:27] production.ERROR: Translation file [C:\xampp\htdocs\booking\resources\lang/ar.json] contains an invalid JSON structure. {"exception":"[object] (RuntimeException(code: 0): Translation file [C:\\xampp\\htdocs\\booking\\resources\\lang/ar.json] contains an invalid JSON structure. at C:\\xampp\\htdocs\\booking\\vendor\\laravel\\framework\\src\\Illuminate\\Translation\\FileLoader.php:145)
[stacktrace]
#0 C:\\xampp\\htdocs\\booking\\vendor\\laravel\\framework\\src\\Illuminate\\Collections\\Traits\\EnumeratesValues.php(735): Illuminate\\Translation\\FileLoader->Illuminate\\Translation\\{closure}(Array, 'C:\\\\xampp\\\\htdocs...', 0)
#1 C:\\xampp\\htdocs\\booking\\vendor\\laravel\\framework\\src\\Illuminate\\Translation\\FileLoader.php(152): Illuminate\\Support\\Collection->reduce(Object(Closure), Array)
#2 C:\\xampp\\htdocs\\booking\\vendor\\laravel\\framework\\src\\Illuminate\\Translation\\FileLoader.php(63): Illuminate\\Translation\\FileLoader->loadJsonPaths('ar')
#3 C:\\xampp\\htdocs\\booking\\vendor\\laravel\\framework\\src\\Illuminate\\Translation\\Translator.php(269): Illuminate\\Translation\\FileLoader->load('ar', '*', '*')
#4 C:\\xampp\\htdocs\\booking\\vendor\\laravel\\framework\\src\\Illuminate\\Translation\\Translator.php(114): Illuminate\\Translation\\Translator->load('*', '*', 'ar')
#5 C:\\xampp\\htdocs\\booking\\vendor\\laravel\\framework\\src\\Illuminate\\Foundation\\helpers.php(934): Illuminate\\Translation\\Translator->get('Normal Layout', Array, 'ar')
#6 C:\\xampp\\htdocs\\booking\\vendor\\laravel\\framework\\src\\Illuminate\\Foundation\\helpers.php(969): trans('Normal Layout', Array, NULL)
#7 C:\\xampp\\htdocs\\booking\\modules\\Boat\\Configs\\boat.php(4): __('Normal Layout')
#8 C:\\xampp\\htdocs\\booking\\modules\\ModuleServiceProvider.php(110): require('C:\\\\xampp\\\\htdocs...')
#9 C:\\xampp\\htdocs\\booking\\modules\\Boat\\ModuleProvider.php(12): Modules\\ModuleServiceProvider->mergeConfigFrom('C:\\\\xampp\\\\htdocs...', 'boat')
#10 C:\\xampp\\htdocs\\booking\\vendor\\laravel\\framework\\src\\Illuminate\\Container\\BoundMethod.php(36): Modules\\Boat\\ModuleProvider->boot()
#11 C:\\xampp\\htdocs\\booking\\vendor\\laravel\\framework\\src\\Illuminate\\Container\\Util.php(41): Illuminate\\Container\\BoundMethod::Illuminate\\Container\\{closure}()
#12 C:\\xampp\\htdocs\\booking\\vendor\\laravel\\framework\\src\\Illuminate\\Container\\BoundMethod.php(93): Illuminate\\Container\\Util::unwrapIfClosure(Object(Closure))
#13 C:\\xampp\\htdocs\\booking\\vendor\\laravel\\framework\\src\\Illuminate\\Container\\BoundMethod.php(37): Illuminate\\Container\\BoundMethod::callBoundMethod(Object(Illuminate\\Foundation\\Application), Array, Object(Closure))
#14 C:\\xampp\\htdocs\\booking\\vendor\\laravel\\framework\\src\\Illuminate\\Container\\Container.php(651): Illuminate\\Container\\BoundMethod::call(Object(Illuminate\\Foundation\\Application), Array, Array, NULL)
#15 C:\\xampp\\htdocs\\booking\\vendor\\laravel\\framework\\src\\Illuminate\\Foundation\\Application.php(933): Illuminate\\Container\\Container->call(Array)
#16 C:\\xampp\\htdocs\\booking\\vendor\\laravel\\framework\\src\\Illuminate\\Foundation\\Application.php(914): Illuminate\\Foundation\\Application->bootProvider(Object(Modules\\Boat\\ModuleProvider))
#17 [internal function]: Illuminate\\Foundation\\Application->Illuminate\\Foundation\\{closure}(Object(Modules\\Boat\\ModuleProvider), 62)
#18 C:\\xampp\\htdocs\\booking\\vendor\\laravel\\framework\\src\\Illuminate\\Foundation\\Application.php(915): array_walk(Array, Object(Closure))
#19 C:\\xampp\\htdocs\\booking\\vendor\\laravel\\framework\\src\\Illuminate\\Foundation\\Bootstrap\\BootProviders.php(17): Illuminate\\Foundation\\Application->boot()
#20 C:\\xampp\\htdocs\\booking\\vendor\\laravel\\framework\\src\\Illuminate\\Foundation\\Application.php(242): Illuminate\\Foundation\\Bootstrap\\BootProviders->bootstrap(Object(Illuminate\\Foundation\\Application))
#21 C:\\xampp\\htdocs\\booking\\vendor\\laravel\\framework\\src\\Illuminate\\Foundation\\Http\\Kernel.php(176): Illuminate\\Foundation\\Application->bootstrapWith(Array)
#22 C:\\xampp\\htdocs\\booking\\vendor\\laravel\\framework\\src\\Illuminate\\Foundation\\Http\\Kernel.php(160): Illuminate\\Foundation\\Http\\Kernel->bootstrap()
#23 C:\\xampp\\htdocs\\booking\\vendor\\laravel\\framework\\src\\Illuminate\\Foundation\\Http\\Kernel.php(134): Illuminate\\Foundation\\Http\\Kernel->sendRequestThroughRouter(Object(Illuminate\\Http\\Request))
#24 C:\\xampp\\htdocs\\booking\\public\\index.php(72): Illuminate\\Foundation\\Http\\Kernel->handle(Object(Illuminate\\Http\\Request))
#25 C:\\xampp\\htdocs\\booking\\server.php(21): require_once('C:\\\\xampp\\\\htdocs...')
#26 {main}
"} 
[2023-09-09 14:55:27] production.ERROR: Translation file [C:\xampp\htdocs\booking\resources\lang/ar.json] contains an invalid JSON structure. {"view":{"view":"C:\\xampp\\htdocs\\booking\\resources\\views\\errors\\500.blade.php","data":{"errors":"<pre class=sf-dump id=sf-dump-228720616 data-indent-pad=\"  \"><span class=sf-dump-note>Illuminate\\Support\\ViewErrorBag</span> {<a class=sf-dump-ref>#1105</a><samp data-depth=1 class=sf-dump-expanded>
  #<span class=sf-dump-protected title=\"Protected property\">bags</span>: []
</samp>}
</pre><script>Sfdump(\"sf-dump-228720616\", {\"maxDepth\":3,\"maxStringLength\":160})</script>
","exception":"<pre class=sf-dump id=sf-dump-1699715701 data-indent-pad=\"  \"><span class=sf-dump-note>Symfony\\Component\\HttpKernel\\Exception\\HttpException</span> {<a class=sf-dump-ref>#1097</a><samp data-depth=1 class=sf-dump-expanded>
  #<span class=sf-dump-protected title=\"Protected property\">message</span>: \"<span class=sf-dump-str title=\"101 characters\">Translation file [C:\\xampp\\htdocs\\booking\\resources\\lang/ar.json] contains an invalid JSON structure.</span>\"
  #<span class=sf-dump-protected title=\"Protected property\">code</span>: <span class=sf-dump-num>0</span>
  #<span class=sf-dump-protected title=\"Protected property\">file</span>: \"<span class=sf-dump-str title=\"C:\\xampp\\htdocs\\booking\\vendor\\laravel\\framework\\src\\Illuminate\\Foundation\\Exceptions\\Handler.php
97 characters\"><span class=\"sf-dump-ellipsis sf-dump-ellipsis-path\">C:\\xampp\\htdocs\\booking\\vendor</span><span class=\"sf-dump-ellipsis sf-dump-ellipsis-path\">\\laravel\\framework\\</span>src\\Illuminate\\Foundation\\Exceptions\\Handler.php</span>\"
  #<span class=sf-dump-protected title=\"Protected property\">line</span>: <span class=sf-dump-num>550</span>
  -<span class=sf-dump-private title=\"Private property defined in class:&#10;`Exception`\">previous</span>: <span class=sf-dump-note>RuntimeException</span> {<a class=sf-dump-ref href=#sf-dump-1699715701-ref21085 title=\"5 occurrences\">#1085</a><samp data-depth=2 id=sf-dump-1699715701-ref21085 class=sf-dump-compact>
    #<span class=sf-dump-protected title=\"Protected property\">message</span>: \"<span class=sf-dump-str title=\"101 characters\">Translation file [C:\\xampp\\htdocs\\booking\\resources\\lang/ar.json] contains an invalid JSON structure.</span>\"
    #<span class=sf-dump-protected title=\"Protected property\">code</span>: <span class=sf-dump-num>0</span>
    #<span class=sf-dump-protected title=\"Protected property\">file</span>: \"<span class=sf-dump-str title=\"C:\\xampp\\htdocs\\booking\\vendor\\laravel\\framework\\src\\Illuminate\\Translation\\FileLoader.php
90 characters\"><span class=\"sf-dump-ellipsis sf-dump-ellipsis-path\">C:\\xampp\\htdocs\\booking\\vendor</span><span class=\"sf-dump-ellipsis sf-dump-ellipsis-path\">\\laravel\\framework\\</span>src\\Illuminate\\Translation\\FileLoader.php</span>\"
    #<span class=sf-dump-protected title=\"Protected property\">line</span>: <span class=sf-dump-num>145</span>
    <span class=sf-dump-meta>trace</span>: {<samp data-depth=3 class=sf-dump-compact>
      <span class=sf-dump-meta title=\"C:\\xampp\\htdocs\\booking\\vendor\\laravel\\framework\\src\\Illuminate\\Translation\\FileLoader.php:145
Stack level 27.\"><span class=\"sf-dump-ellipsis sf-dump-ellipsis-path\">C:\\xampp\\htdocs\\booking\\vendor</span><span class=\"sf-dump-ellipsis sf-dump-ellipsis-path\">\\laravel\\framework\\</span>src\\Illuminate\\Translation\\FileLoader.php:145</span> { &#8230;4}
      <span class=sf-dump-meta title=\"C:\\xampp\\htdocs\\booking\\vendor\\laravel\\framework\\src\\Illuminate\\Collections\\Traits\\EnumeratesValues.php:735
Stack level 26.\"><span class=\"sf-dump-ellipsis sf-dump-ellipsis-path\">C:\\xampp\\htdocs\\booking\\vendor</span><span class=\"sf-dump-ellipsis sf-dump-ellipsis-path\">\\laravel\\framework\\</span>src\\Illuminate\\Collections\\Traits\\EnumeratesValues.php:735</span> { &#8230;5}
      <span class=sf-dump-meta title=\"C:\\xampp\\htdocs\\booking\\vendor\\laravel\\framework\\src\\Illuminate\\Translation\\FileLoader.php:152
Stack level 25.\"><span class=\"sf-dump-ellipsis sf-dump-ellipsis-path\">C:\\xampp\\htdocs\\booking\\vendor</span><span class=\"sf-dump-ellipsis sf-dump-ellipsis-path\">\\laravel\\framework\\</span>src\\Illuminate\\Translation\\FileLoader.php:152</span> { &#8230;5}
      <span class=sf-dump-meta title=\"C:\\xampp\\htdocs\\booking\\vendor\\laravel\\framework\\src\\Illuminate\\Translation\\FileLoader.php:63
Stack level 24.\"><span class=\"sf-dump-ellipsis sf-dump-ellipsis-path\">C:\\xampp\\htdocs\\booking\\vendor</span><span class=\"sf-dump-ellipsis sf-dump-ellipsis-path\">\\laravel\\framework\\</span>src\\Illuminate\\Translation\\FileLoader.php:63</span> { &#8230;5}
      <span class=sf-dump-meta title=\"C:\\xampp\\htdocs\\booking\\vendor\\laravel\\framework\\src\\Illuminate\\Translation\\Translator.php:269
Stack level 23.\"><span class=\"sf-dump-ellipsis sf-dump-ellipsis-path\">C:\\xampp\\htdocs\\booking\\vendor</span><span class=\"sf-dump-ellipsis sf-dump-ellipsis-path\">\\laravel\\framework\\</span>src\\Illuminate\\Translation\\Translator.php:269</span> { &#8230;5}
      <span class=sf-dump-meta title=\"C:\\xampp\\htdocs\\booking\\vendor\\laravel\\framework\\src\\Illuminate\\Translation\\Translator.php:114
Stack level 22.\"><span class=\"sf-dump-ellipsis sf-dump-ellipsis-path\">C:\\xampp\\htdocs\\booking\\vendor</span><span class=\"sf-dump-ellipsis sf-dump-ellipsis-path\">\\laravel\\framework\\</span>src\\Illuminate\\Translation\\Translator.php:114</span> { &#8230;5}
      <span class=sf-dump-meta title=\"C:\\xampp\\htdocs\\booking\\vendor\\laravel\\framework\\src\\Illuminate\\Foundation\\helpers.php:934
Stack level 21.\"><span class=\"sf-dump-ellipsis sf-dump-ellipsis-path\">C:\\xampp\\htdocs\\booking\\vendor</span><span class=\"sf-dump-ellipsis sf-dump-ellipsis-path\">\\laravel\\framework\\</span>src\\Illuminate\\Foundation\\helpers.php:934</span> { &#8230;5}
      <span class=sf-dump-meta title=\"C:\\xampp\\htdocs\\booking\\vendor\\laravel\\framework\\src\\Illuminate\\Foundation\\helpers.php:969
Stack level 20.\"><span class=\"sf-dump-ellipsis sf-dump-ellipsis-path\">C:\\xampp\\htdocs\\booking\\vendor</span><span class=\"sf-dump-ellipsis sf-dump-ellipsis-path\">\\laravel\\framework\\</span>src\\Illuminate\\Foundation\\helpers.php:969</span> { &#8230;5}
      <span class=sf-dump-meta title=\"C:\\xampp\\htdocs\\booking\\modules\\Boat\\Configs\\boat.php:4
Stack level 19.\"><span class=\"sf-dump-ellipsis sf-dump-ellipsis-path\">C:\\xampp\\htdocs\\booking</span><span class=\"sf-dump-ellipsis sf-dump-ellipsis-path\">\\</span>modules\\Boat\\Configs\\boat.php:4</span> { &#8230;5}
      <span class=sf-dump-meta title=\"C:\\xampp\\htdocs\\booking\\modules\\ModuleServiceProvider.php:110
Stack level 18.\"><span class=\"sf-dump-ellipsis sf-dump-ellipsis-path\">C:\\xampp\\htdocs\\booking</span><span class=\"sf-dump-ellipsis sf-dump-ellipsis-path\">\\</span>modules\\ModuleServiceProvider.php:110</span> { &#8230;5}
      <span class=sf-dump-meta title=\"C:\\xampp\\htdocs\\booking\\modules\\Boat\\ModuleProvider.php:12
Stack level 17.\"><span class=\"sf-dump-ellipsis sf-dump-ellipsis-path\">C:\\xampp\\htdocs\\booking</span><span class=\"sf-dump-ellipsis sf-dump-ellipsis-path\">\\</span>modules\\Boat\\ModuleProvider.php:12</span> { &#8230;5}
      <span class=sf-dump-meta title=\"C:\\xampp\\htdocs\\booking\\vendor\\laravel\\framework\\src\\Illuminate\\Container\\BoundMethod.php:36
Stack level 16.\"><span class=\"sf-dump-ellipsis sf-dump-ellipsis-path\">C:\\xampp\\htdocs\\booking\\vendor</span><span class=\"sf-dump-ellipsis sf-dump-ellipsis-path\">\\laravel\\framework\\</span>src\\Illuminate\\Container\\BoundMethod.php:36</span> { &#8230;4}
      <span class=sf-dump-meta title=\"C:\\xampp\\htdocs\\booking\\vendor\\laravel\\framework\\src\\Illuminate\\Container\\Util.php:41
Stack level 15.\"><span class=\"sf-dump-ellipsis sf-dump-ellipsis-path\">C:\\xampp\\htdocs\\booking\\vendor</span><span class=\"sf-dump-ellipsis sf-dump-ellipsis-path\">\\laravel\\framework\\</span>src\\Illuminate\\Container\\Util.php:41</span> { &#8230;4}
      <span class=sf-dump-meta title=\"C:\\xampp\\htdocs\\booking\\vendor\\laravel\\framework\\src\\Illuminate\\Container\\BoundMethod.php:93
Stack level 14.\"><span class=\"sf-dump-ellipsis sf-dump-ellipsis-path\">C:\\xampp\\htdocs\\booking\\vendor</span><span class=\"sf-dump-ellipsis sf-dump-ellipsis-path\">\\laravel\\framework\\</span>src\\Illuminate\\Container\\BoundMethod.php:93</span> { &#8230;5}
      <span class=sf-dump-meta title=\"C:\\xampp\\htdocs\\booking\\vendor\\laravel\\framework\\src\\Illuminate\\Container\\BoundMethod.php:37
Stack level 13.\"><span class=\"sf-dump-ellipsis sf-dump-ellipsis-path\">C:\\xampp\\htdocs\\booking\\vendor</span><span class=\"sf-dump-ellipsis sf-dump-ellipsis-path\">\\laravel\\framework\\</span>src\\Illuminate\\Container\\BoundMethod.php:37</span> { &#8230;5}
      <span class=sf-dump-meta title=\"C:\\xampp\\htdocs\\booking\\vendor\\laravel\\framework\\src\\Illuminate\\Container\\Container.php:651
Stack level 12.\"><span class=\"sf-dump-ellipsis sf-dump-ellipsis-path\">C:\\xampp\\htdocs\\booking\\vendor</span><span class=\"sf-dump-ellipsis sf-dump-ellipsis-path\">\\laravel\\framework\\</span>src\\Illuminate\\Container\\Container.php:651</span> { &#8230;5}
      <span class=sf-dump-meta title=\"C:\\xampp\\htdocs\\booking\\vendor\\laravel\\framework\\src\\Illuminate\\Foundation\\Application.php:933
Stack level 11.\"><span class=\"sf-dump-ellipsis sf-dump-ellipsis-path\">C:\\xampp\\htdocs\\booking\\vendor</span><span class=\"sf-dump-ellipsis sf-dump-ellipsis-path\">\\laravel\\framework\\</span>src\\Illuminate\\Foundation\\Application.php:933</span> { &#8230;5}
      <span class=sf-dump-meta title=\"C:\\xampp\\htdocs\\booking\\vendor\\laravel\\framework\\src\\Illuminate\\Foundation\\Application.php:914
Stack level 10.\"><span class=\"sf-dump-ellipsis sf-dump-ellipsis-path\">C:\\xampp\\htdocs\\booking\\vendor</span><span class=\"sf-dump-ellipsis sf-dump-ellipsis-path\">\\laravel\\framework\\</span>src\\Illuminate\\Foundation\\Application.php:914</span> { &#8230;5}
      <span class=sf-dump-meta title=\"Illuminate\\Foundation\\Application-&gt;Illuminate\\Foundation\\{closure}()
Stack level 9.\"><span class=\"sf-dump-ellipsis sf-dump-ellipsis-class\">Illuminate\\Foundation\\Application-&gt;Illuminate\\Foundation</span><span class=\"sf-dump-ellipsis sf-dump-ellipsis-class\">\\</span>{closure}()</span> {}
      <span class=sf-dump-meta title=\"C:\\xampp\\htdocs\\booking\\vendor\\laravel\\framework\\src\\Illuminate\\Foundation\\Application.php:915
Stack level 8.\"><span class=\"sf-dump-ellipsis sf-dump-ellipsis-path\">C:\\xampp\\htdocs\\booking\\vendor</span><span class=\"sf-dump-ellipsis sf-dump-ellipsis-path\">\\laravel\\framework\\</span>src\\Illuminate\\Foundation\\Application.php:915</span> { &#8230;5}
      <span class=sf-dump-meta title=\"C:\\xampp\\htdocs\\booking\\vendor\\laravel\\framework\\src\\Illuminate\\Foundation\\Bootstrap\\BootProviders.php:17
Stack level 7.\"><span class=\"sf-dump-ellipsis sf-dump-ellipsis-path\">C:\\xampp\\htdocs\\booking\\vendor</span><span class=\"sf-dump-ellipsis sf-dump-ellipsis-path\">\\laravel\\framework\\</span>src\\Illuminate\\Foundation\\Bootstrap\\BootProviders.php:17</span> { &#8230;4}
      <span class=sf-dump-meta title=\"C:\\xampp\\htdocs\\booking\\vendor\\laravel\\framework\\src\\Illuminate\\Foundation\\Application.php:242
Stack level 6.\"><span class=\"sf-dump-ellipsis sf-dump-ellipsis-path\">C:\\xampp\\htdocs\\booking\\vendor</span><span class=\"sf-dump-ellipsis sf-dump-ellipsis-path\">\\laravel\\framework\\</span>src\\Illuminate\\Foundation\\Application.php:242</span> { &#8230;5}
      <span class=sf-dump-meta title=\"C:\\xampp\\htdocs\\booking\\vendor\\laravel\\framework\\src\\Illuminate\\Foundation\\Http\\Kernel.php:176
Stack level 5.\"><span class=\"sf-dump-ellipsis sf-dump-ellipsis-path\">C:\\xampp\\htdocs\\booking\\vendor</span><span class=\"sf-dump-ellipsis sf-dump-ellipsis-path\">\\laravel\\framework\\</span>src\\Illuminate\\Foundation\\Http\\Kernel.php:176</span> { &#8230;5}
      <span class=sf-dump-meta title=\"C:\\xampp\\htdocs\\booking\\vendor\\laravel\\framework\\src\\Illuminate\\Foundation\\Http\\Kernel.php:160
Stack level 4.\"><span class=\"sf-dump-ellipsis sf-dump-ellipsis-path\">C:\\xampp\\htdocs\\booking\\vendor</span><span class=\"sf-dump-ellipsis sf-dump-ellipsis-path\">\\laravel\\framework\\</span>src\\Illuminate\\Foundation\\Http\\Kernel.php:160</span> { &#8230;4}
      <span class=sf-dump-meta title=\"C:\\xampp\\htdocs\\booking\\vendor\\laravel\\framework\\src\\Illuminate\\Foundation\\Http\\Kernel.php:134
Stack level 3.\"><span class=\"sf-dump-ellipsis sf-dump-ellipsis-path\">C:\\xampp\\htdocs\\booking\\vendor</span><span class=\"sf-dump-ellipsis sf-dump-ellipsis-path\">\\laravel\\framework\\</span>src\\Illuminate\\Foundation\\Http\\Kernel.php:134</span> { &#8230;5}
      <span class=sf-dump-meta title=\"C:\\xampp\\htdocs\\booking\\public\\index.php:72
Stack level 2.\"><span class=\"sf-dump-ellipsis sf-dump-ellipsis-path\">C:\\xampp\\htdocs\\booking</span><span class=\"sf-dump-ellipsis sf-dump-ellipsis-path\">\\</span>public\\index.php:72</span> { &#8230;5}
      <span class=sf-dump-meta title=\"C:\\xampp\\htdocs\\booking\\server.php:21
Stack level 1.\"><span class=\"sf-dump-ellipsis sf-dump-ellipsis-path\">C:\\xampp\\htdocs\\booking</span><span class=\"sf-dump-ellipsis sf-dump-ellipsis-path\">\\</span>server.php:21</span> { &#8230;4}
    </samp>}
  </samp>}
  -<span class=sf-dump-private title=\"Private property defined in class:&#10;`Symfony\\Component\\HttpKernel\\Exception\\HttpException`\">statusCode</span>: <span class=sf-dump-num>500</span>
  -<span class=sf-dump-private title=\"Private property defined in class:&#10;`Symfony\\Component\\HttpKernel\\Exception\\HttpException`\">headers</span>: []
  <span class=sf-dump-meta>trace</span>: {<samp data-depth=2 class=sf-dump-compact>
    <span class=sf-dump-meta title=\"C:\\xampp\\htdocs\\booking\\vendor\\laravel\\framework\\src\\Illuminate\\Foundation\\Exceptions\\Handler.php:550
Stack level 7.\"><span class=\"sf-dump-ellipsis sf-dump-ellipsis-path\">C:\\xampp\\htdocs\\booking\\vendor</span><span class=\"sf-dump-ellipsis sf-dump-ellipsis-path\">\\laravel\\framework\\</span>src\\Illuminate\\Foundation\\Exceptions\\Handler.php:550</span> {<samp data-depth=3 class=sf-dump-compact>
      <span class=sf-dump-note title=\"Illuminate\\Foundation\\Exceptions\\Handler-&gt;prepareResponse($request, Throwable $e)
\"><span class=\"sf-dump-ellipsis sf-dump-ellipsis-note\">Illuminate\\Foundation\\Exceptions</span><span class=\"sf-dump-ellipsis sf-dump-ellipsis-note\">\\</span>Handler-&gt;prepareResponse($request, Throwable $e)</span> &#8230;
      &#8250; <code class=\"php\"><span class=sf-dump-default>if (! $this-&gt;isHttpException($e)) {</span></code>
      &#8250; <code class=\"php\"><span class=sf-dump-const title=\"in Illuminate\\Foundation\\Exceptions\\Handler-&gt;prepareResponse($request, Throwable $e)\">    $e = new HttpException(500, $e-&gt;getMessage(), $e);</span></code>
      &#8250; <code class=\"php\"><span class=sf-dump-default>}</span></code>
    </samp>}
    <span class=sf-dump-meta title=\"C:\\xampp\\htdocs\\booking\\vendor\\laravel\\framework\\src\\Illuminate\\Foundation\\Exceptions\\Handler.php:460
Stack level 6.\"><span class=\"sf-dump-ellipsis sf-dump-ellipsis-path\">C:\\xampp\\htdocs\\booking\\vendor</span><span class=\"sf-dump-ellipsis sf-dump-ellipsis-path\">\\laravel\\framework\\</span>src\\Illuminate\\Foundation\\Exceptions\\Handler.php:460</span> {<samp data-depth=3 class=sf-dump-compact>
      <span class=sf-dump-note title=\"Illuminate\\Foundation\\Exceptions\\Handler-&gt;renderExceptionResponse($request, Throwable $e)
\"><span class=\"sf-dump-ellipsis sf-dump-ellipsis-note\">Illuminate\\Foundation\\Exceptions</span><span class=\"sf-dump-ellipsis sf-dump-ellipsis-note\">\\</span>Handler-&gt;renderExceptionResponse($request, Throwable $e)</span> &#8230;
      &#8250; <code class=\"php\"><span class=sf-dump-default>                ? $this-&gt;prepareJsonResponse($request, $e)</span></code>
      &#8250; <code class=\"php\"><span class=sf-dump-const title=\"in Illuminate\\Foundation\\Exceptions\\Handler-&gt;renderExceptionResponse($request, Throwable $e)\">                : $this-&gt;prepareResponse($request, $e);</span></code>
      &#8250; <code class=\"php\"><span class=sf-dump-default>}</span></code>
      <span class=sf-dump-meta>arguments</span>: { &#8230;2}
    </samp>}
    <span class=sf-dump-meta title=\"C:\\xampp\\htdocs\\booking\\vendor\\laravel\\framework\\src\\Illuminate\\Foundation\\Exceptions\\Handler.php:377
Stack level 5.\"><span class=\"sf-dump-ellipsis sf-dump-ellipsis-path\">C:\\xampp\\htdocs\\booking\\vendor</span><span class=\"sf-dump-ellipsis sf-dump-ellipsis-path\">\\laravel\\framework\\</span>src\\Illuminate\\Foundation\\Exceptions\\Handler.php:377</span> {<samp data-depth=3 class=sf-dump-compact>
      <span class=sf-dump-note title=\"Illuminate\\Foundation\\Exceptions\\Handler-&gt;render($request, Throwable $e)
\"><span class=\"sf-dump-ellipsis sf-dump-ellipsis-note\">Illuminate\\Foundation\\Exceptions</span><span class=\"sf-dump-ellipsis sf-dump-ellipsis-note\">\\</span>Handler-&gt;render($request, Throwable $e)</span> &#8230;
      &#8250; <code class=\"php\"><span class=sf-dump-default>    $e instanceof ValidationException =&gt; $this-&gt;convertValidationExceptionToResponse($e, $request),</span></code>
      &#8250; <code class=\"php\"><span class=sf-dump-const title=\"in Illuminate\\Foundation\\Exceptions\\Handler-&gt;render($request, Throwable $e)\">    default =&gt; $this-&gt;renderExceptionResponse($request, $e),</span></code>
      &#8250; <code class=\"php\"><span class=sf-dump-default>};</span></code>
      <span class=sf-dump-meta>arguments</span>: { &#8230;2}
    </samp>}
    <span class=sf-dump-meta title=\"C:\\xampp\\htdocs\\booking\\vendor\\laravel\\framework\\src\\Illuminate\\Foundation\\Http\\Kernel.php:493
Stack level 4.\"><span class=\"sf-dump-ellipsis sf-dump-ellipsis-path\">C:\\xampp\\htdocs\\booking\\vendor</span><span class=\"sf-dump-ellipsis sf-dump-ellipsis-path\">\\laravel\\framework\\</span>src\\Illuminate\\Foundation\\Http\\Kernel.php:493</span> {<samp data-depth=3 class=sf-dump-compact>
      <span class=sf-dump-note title=\"Illuminate\\Foundation\\Http\\Kernel-&gt;renderException($request, Throwable $e)
\"><span class=\"sf-dump-ellipsis sf-dump-ellipsis-note\">Illuminate\\Foundation\\Http</span><span class=\"sf-dump-ellipsis sf-dump-ellipsis-note\">\\</span>Kernel-&gt;renderException($request, Throwable $e)</span> &#8230;
      &#8250; <code class=\"php\"><span class=sf-dump-default>{</span></code>
      &#8250; <code class=\"php\"><span class=sf-dump-const title=\"in Illuminate\\Foundation\\Http\\Kernel-&gt;renderException($request, Throwable $e)\">    return $this-&gt;app[ExceptionHandler::class]-&gt;render($request, $e);</span></code>
      &#8250; <code class=\"php\"><span class=sf-dump-default>}</span></code>
      <span class=sf-dump-meta>arguments</span>: { &#8230;2}
    </samp>}
    <span class=sf-dump-meta title=\"C:\\xampp\\htdocs\\booking\\vendor\\laravel\\framework\\src\\Illuminate\\Foundation\\Http\\Kernel.php:138
Stack level 3.\"><span class=\"sf-dump-ellipsis sf-dump-ellipsis-path\">C:\\xampp\\htdocs\\booking\\vendor</span><span class=\"sf-dump-ellipsis sf-dump-ellipsis-path\">\\laravel\\framework\\</span>src\\Illuminate\\Foundation\\Http\\Kernel.php:138</span> {<samp data-depth=3 class=sf-dump-compact>
      <span class=sf-dump-note title=\"Illuminate\\Foundation\\Http\\Kernel-&gt;handle($request)
\"><span class=\"sf-dump-ellipsis sf-dump-ellipsis-note\">Illuminate\\Foundation\\Http</span><span class=\"sf-dump-ellipsis sf-dump-ellipsis-note\">\\</span>Kernel-&gt;handle($request)</span> &#8230;
      &#8250; 
      &#8250; <code class=\"php\"><span class=sf-dump-const title=\"in Illuminate\\Foundation\\Http\\Kernel-&gt;handle($request)\">    $response = $this-&gt;renderException($request, $e);</span></code>
      &#8250; <code class=\"php\"><span class=sf-dump-default>}</span></code>
      <span class=sf-dump-meta>arguments</span>: { &#8230;2}
    </samp>}
    <span class=sf-dump-meta title=\"C:\\xampp\\htdocs\\booking\\public\\index.php:72
Stack level 2.\"><span class=\"sf-dump-ellipsis sf-dump-ellipsis-path\">C:\\xampp\\htdocs\\booking</span><span class=\"sf-dump-ellipsis sf-dump-ellipsis-path\">\\</span>public\\index.php:72</span> {<samp data-depth=3 class=sf-dump-compact>
      <span class=sf-dump-note>require_once</span> &#8230;
      &#8250; <code class=\"php\"><span class=sf-dump-default>$response = $kernel-&gt;handle(<span class=\"sf-dump-default sf-dump-ns\">\\r</span></span></code>
      &#8250; <code class=\"php\"><span class=sf-dump-const title=\"in require_once\">    $request = Request::capture()<span class=\"sf-dump-default sf-dump-ns\">\\r</span></span></code>
      &#8250; <code class=\"php\"><span class=sf-dump-default>)-&gt;send();<span class=\"sf-dump-default sf-dump-ns\">\\r</span></span></code>
      <span class=sf-dump-meta>arguments</span>: { &#8230;1}
    </samp>}
    <span class=sf-dump-meta title=\"C:\\xampp\\htdocs\\booking\\server.php:21
Stack level 1.\"><span class=\"sf-dump-ellipsis sf-dump-ellipsis-path\">C:\\xampp\\htdocs\\booking</span><span class=\"sf-dump-ellipsis sf-dump-ellipsis-path\">\\</span>server.php:21</span> {<samp data-depth=3 class=sf-dump-compact>
      &#8250; <code class=\"php\"><span class=sf-dump-default><span class=\"sf-dump-default sf-dump-ns\">\\r</span></span></code>
      &#8250; <code class=\"php\"><span class=sf-dump-const title=\"\">require_once __DIR__.&#039;/public/index.php&#039;;<span class=\"sf-dump-default sf-dump-ns\">\\r</span></span></code>
      &#8250; 
      <span class=sf-dump-meta>arguments</span>: { &#8230;1}
    </samp>}
  </samp>}
</samp>}
</pre><script>Sfdump(\"sf-dump-1699715701\", {\"maxDepth\":3,\"maxStringLength\":160})</script>
"}},"exception":"[object] (Spatie\\LaravelIgnition\\Exceptions\\ViewException(code: 0): Translation file [C:\\xampp\\htdocs\\booking\\resources\\lang/ar.json] contains an invalid JSON structure. at C:\\xampp\\htdocs\\booking\\vendor\\laravel\\framework\\src\\Illuminate\\Translation\\FileLoader.php:145)
[stacktrace]
#0 C:\\xampp\\htdocs\\booking\\vendor\\laravel\\framework\\src\\Illuminate\\Collections\\Traits\\EnumeratesValues.php(735): Illuminate\\Translation\\FileLoader->Illuminate\\Translation\\{closure}(Array, 'C:\\\\xampp\\\\htdocs...', 0)
#1 C:\\xampp\\htdocs\\booking\\vendor\\laravel\\framework\\src\\Illuminate\\Translation\\FileLoader.php(152): Illuminate\\Support\\Collection->reduce(Object(Closure), Array)
#2 C:\\xampp\\htdocs\\booking\\vendor\\laravel\\framework\\src\\Illuminate\\Translation\\FileLoader.php(63): Illuminate\\Translation\\FileLoader->loadJsonPaths('ar')
#3 C:\\xampp\\htdocs\\booking\\vendor\\laravel\\framework\\src\\Illuminate\\Translation\\Translator.php(269): Illuminate\\Translation\\FileLoader->load('ar', '*', '*')
#4 C:\\xampp\\htdocs\\booking\\vendor\\laravel\\framework\\src\\Illuminate\\Translation\\Translator.php(114): Illuminate\\Translation\\Translator->load('*', '*', 'ar')
#5 C:\\xampp\\htdocs\\booking\\vendor\\laravel\\framework\\src\\Illuminate\\Foundation\\helpers.php(934): Illuminate\\Translation\\Translator->get('Server Error', Array, 'ar')
#6 C:\\xampp\\htdocs\\booking\\vendor\\laravel\\framework\\src\\Illuminate\\Foundation\\helpers.php(969): trans('Server Error', Array, NULL)
#7 C:\\xampp\\htdocs\\booking\\resources\\views\\errors\\500.blade.php(3): __('Server Error')
#8 C:\\xampp\\htdocs\\booking\\vendor\\laravel\\framework\\src\\Illuminate\\Filesystem\\Filesystem.php(109): require('C:\\\\xampp\\\\htdocs...')
#9 C:\\xampp\\htdocs\\booking\\vendor\\laravel\\framework\\src\\Illuminate\\Filesystem\\Filesystem.php(110): Illuminate\\Filesystem\\Filesystem::Illuminate\\Filesystem\\{closure}()
#10 C:\\xampp\\htdocs\\booking\\vendor\\laravel\\framework\\src\\Illuminate\\View\\Engines\\PhpEngine.php(58): Illuminate\\Filesystem\\Filesystem->getRequire('C:\\\\xampp\\\\htdocs...', Array)
#11 C:\\xampp\\htdocs\\booking\\vendor\\laravel\\framework\\src\\Illuminate\\View\\Engines\\CompilerEngine.php(70): Illuminate\\View\\Engines\\PhpEngine->evaluatePath('C:\\\\xampp\\\\htdocs...', Array)
#12 C:\\xampp\\htdocs\\booking\\vendor\\laravel\\framework\\src\\Illuminate\\View\\View.php(152): Illuminate\\View\\Engines\\CompilerEngine->get('C:\\\\xampp\\\\htdocs...', Array)
#13 C:\\xampp\\htdocs\\booking\\vendor\\laravel\\framework\\src\\Illuminate\\View\\View.php(135): Illuminate\\View\\View->getContents()
#14 C:\\xampp\\htdocs\\booking\\vendor\\laravel\\framework\\src\\Illuminate\\View\\View.php(104): Illuminate\\View\\View->renderContents()
#15 C:\\xampp\\htdocs\\booking\\vendor\\laravel\\framework\\src\\Illuminate\\Http\\Response.php(69): Illuminate\\View\\View->render()
#16 C:\\xampp\\htdocs\\booking\\vendor\\laravel\\framework\\src\\Illuminate\\Http\\Response.php(35): Illuminate\\Http\\Response->setContent(Object(Illuminate\\View\\View))
#17 C:\\xampp\\htdocs\\booking\\vendor\\laravel\\framework\\src\\Illuminate\\Routing\\ResponseFactory.php(57): Illuminate\\Http\\Response->__construct(Object(Illuminate\\View\\View), 500, Array)
#18 C:\\xampp\\htdocs\\booking\\vendor\\laravel\\framework\\src\\Illuminate\\Routing\\ResponseFactory.php(87): Illuminate\\Routing\\ResponseFactory->make(Object(Illuminate\\View\\View), 500, Array)
#19 C:\\xampp\\htdocs\\booking\\vendor\\laravel\\framework\\src\\Illuminate\\Foundation\\Exceptions\\Handler.php(629): Illuminate\\Routing\\ResponseFactory->view('errors::500', Array, 500, Array)
#20 C:\\xampp\\htdocs\\booking\\vendor\\laravel\\framework\\src\\Illuminate\\Foundation\\Exceptions\\Handler.php(554): Illuminate\\Foundation\\Exceptions\\Handler->renderHttpException(Object(Symfony\\Component\\HttpKernel\\Exception\\HttpException))
#21 C:\\xampp\\htdocs\\booking\\vendor\\laravel\\framework\\src\\Illuminate\\Foundation\\Exceptions\\Handler.php(460): Illuminate\\Foundation\\Exceptions\\Handler->prepareResponse(Object(Illuminate\\Http\\Request), Object(Symfony\\Component\\HttpKernel\\Exception\\HttpException))
#22 C:\\xampp\\htdocs\\booking\\vendor\\laravel\\framework\\src\\Illuminate\\Foundation\\Exceptions\\Handler.php(377): Illuminate\\Foundation\\Exceptions\\Handler->renderExceptionResponse(Object(Illuminate\\Http\\Request), Object(RuntimeException))
#23 C:\\xampp\\htdocs\\booking\\vendor\\laravel\\framework\\src\\Illuminate\\Foundation\\Http\\Kernel.php(493): Illuminate\\Foundation\\Exceptions\\Handler->render(Object(Illuminate\\Http\\Request), Object(RuntimeException))
#24 C:\\xampp\\htdocs\\booking\\vendor\\laravel\\framework\\src\\Illuminate\\Foundation\\Http\\Kernel.php(138): Illuminate\\Foundation\\Http\\Kernel->renderException(Object(Illuminate\\Http\\Request), Object(RuntimeException))
#25 C:\\xampp\\htdocs\\booking\\public\\index.php(72): Illuminate\\Foundation\\Http\\Kernel->handle(Object(Illuminate\\Http\\Request))
#26 C:\\xampp\\htdocs\\booking\\server.php(21): require_once('C:\\\\xampp\\\\htdocs...')
#27 {main}

[previous exception] [object] (RuntimeException(code: 0): Translation file [C:\\xampp\\htdocs\\booking\\resources\\lang/ar.json] contains an invalid JSON structure. at C:\\xampp\\htdocs\\booking\\vendor\\laravel\\framework\\src\\Illuminate\\Translation\\FileLoader.php:145)
[stacktrace]
#0 C:\\xampp\\htdocs\\booking\\vendor\\laravel\\framework\\src\\Illuminate\\Collections\\Traits\\EnumeratesValues.php(735): Illuminate\\Translation\\FileLoader->Illuminate\\Translation\\{closure}(Array, 'C:\\\\xampp\\\\htdocs...', 0)
#1 C:\\xampp\\htdocs\\booking\\vendor\\laravel\\framework\\src\\Illuminate\\Translation\\FileLoader.php(152): Illuminate\\Support\\Collection->reduce(Object(Closure), Array)
#2 C:\\xampp\\htdocs\\booking\\vendor\\laravel\\framework\\src\\Illuminate\\Translation\\FileLoader.php(63): Illuminate\\Translation\\FileLoader->loadJsonPaths('ar')
#3 C:\\xampp\\htdocs\\booking\\vendor\\laravel\\framework\\src\\Illuminate\\Translation\\Translator.php(269): Illuminate\\Translation\\FileLoader->load('ar', '*', '*')
#4 C:\\xampp\\htdocs\\booking\\vendor\\laravel\\framework\\src\\Illuminate\\Translation\\Translator.php(114): Illuminate\\Translation\\Translator->load('*', '*', 'ar')
#5 C:\\xampp\\htdocs\\booking\\vendor\\laravel\\framework\\src\\Illuminate\\Foundation\\helpers.php(934): Illuminate\\Translation\\Translator->get('Server Error', Array, 'ar')
#6 C:\\xampp\\htdocs\\booking\\vendor\\laravel\\framework\\src\\Illuminate\\Foundation\\helpers.php(969): trans('Server Error', Array, NULL)
#7 C:\\xampp\\htdocs\\booking\\storage\\framework\\views\\c05ec86597cd5a08c4ce5c36de9900ee2b22ae7b.php(3): __('Server Error')
#8 C:\\xampp\\htdocs\\booking\\vendor\\laravel\\framework\\src\\Illuminate\\Filesystem\\Filesystem.php(109): require('C:\\\\xampp\\\\htdocs...')
#9 C:\\xampp\\htdocs\\booking\\vendor\\laravel\\framework\\src\\Illuminate\\Filesystem\\Filesystem.php(110): Illuminate\\Filesystem\\Filesystem::Illuminate\\Filesystem\\{closure}()
#10 C:\\xampp\\htdocs\\booking\\vendor\\laravel\\framework\\src\\Illuminate\\View\\Engines\\PhpEngine.php(58): Illuminate\\Filesystem\\Filesystem->getRequire('C:\\\\xampp\\\\htdocs...', Array)
#11 C:\\xampp\\htdocs\\booking\\vendor\\laravel\\framework\\src\\Illuminate\\View\\Engines\\CompilerEngine.php(70): Illuminate\\View\\Engines\\PhpEngine->evaluatePath('C:\\\\xampp\\\\htdocs...', Array)
#12 C:\\xampp\\htdocs\\booking\\vendor\\laravel\\framework\\src\\Illuminate\\View\\View.php(152): Illuminate\\View\\Engines\\CompilerEngine->get('C:\\\\xampp\\\\htdocs...', Array)
#13 C:\\xampp\\htdocs\\booking\\vendor\\laravel\\framework\\src\\Illuminate\\View\\View.php(135): Illuminate\\View\\View->getContents()
#14 C:\\xampp\\htdocs\\booking\\vendor\\laravel\\framework\\src\\Illuminate\\View\\View.php(104): Illuminate\\View\\View->renderContents()
#15 C:\\xampp\\htdocs\\booking\\vendor\\laravel\\framework\\src\\Illuminate\\Http\\Response.php(69): Illuminate\\View\\View->render()
#16 C:\\xampp\\htdocs\\booking\\vendor\\laravel\\framework\\src\\Illuminate\\Http\\Response.php(35): Illuminate\\Http\\Response->setContent(Object(Illuminate\\View\\View))
#17 C:\\xampp\\htdocs\\booking\\vendor\\laravel\\framework\\src\\Illuminate\\Routing\\ResponseFactory.php(57): Illuminate\\Http\\Response->__construct(Object(Illuminate\\View\\View), 500, Array)
#18 C:\\xampp\\htdocs\\booking\\vendor\\laravel\\framework\\src\\Illuminate\\Routing\\ResponseFactory.php(87): Illuminate\\Routing\\ResponseFactory->make(Object(Illuminate\\View\\View), 500, Array)
#19 C:\\xampp\\htdocs\\booking\\vendor\\laravel\\framework\\src\\Illuminate\\Foundation\\Exceptions\\Handler.php(629): Illuminate\\Routing\\ResponseFactory->view('errors::500', Array, 500, Array)
#20 C:\\xampp\\htdocs\\booking\\vendor\\laravel\\framework\\src\\Illuminate\\Foundation\\Exceptions\\Handler.php(554): Illuminate\\Foundation\\Exceptions\\Handler->renderHttpException(Object(Symfony\\Component\\HttpKernel\\Exception\\HttpException))
#21 C:\\xampp\\htdocs\\booking\\vendor\\laravel\\framework\\src\\Illuminate\\Foundation\\Exceptions\\Handler.php(460): Illuminate\\Foundation\\Exceptions\\Handler->prepareResponse(Object(Illuminate\\Http\\Request), Object(Symfony\\Component\\HttpKernel\\Exception\\HttpException))
#22 C:\\xampp\\htdocs\\booking\\vendor\\laravel\\framework\\src\\Illuminate\\Foundation\\Exceptions\\Handler.php(377): Illuminate\\Foundation\\Exceptions\\Handler->renderExceptionResponse(Object(Illuminate\\Http\\Request), Object(RuntimeException))
#23 C:\\xampp\\htdocs\\booking\\vendor\\laravel\\framework\\src\\Illuminate\\Foundation\\Http\\Kernel.php(493): Illuminate\\Foundation\\Exceptions\\Handler->render(Object(Illuminate\\Http\\Request), Object(RuntimeException))
#24 C:\\xampp\\htdocs\\booking\\vendor\\laravel\\framework\\src\\Illuminate\\Foundation\\Http\\Kernel.php(138): Illuminate\\Foundation\\Http\\Kernel->renderException(Object(Illuminate\\Http\\Request), Object(RuntimeException))
#25 C:\\xampp\\htdocs\\booking\\public\\index.php(72): Illuminate\\Foundation\\Http\\Kernel->handle(Object(Illuminate\\Http\\Request))
#26 C:\\xampp\\htdocs\\booking\\server.php(21): require_once('C:\\\\xampp\\\\htdocs...')
#27 {main}
"} 
[2023-09-09 14:55:27] production.ERROR: Uncaught RuntimeException: Translation file [C:\xampp\htdocs\booking\resources\lang/ar.json] contains an invalid JSON structure. in C:\xampp\htdocs\booking\vendor\laravel\framework\src\Illuminate\Translation\FileLoader.php:145
Stack trace:
#0 C:\xampp\htdocs\booking\vendor\laravel\framework\src\Illuminate\Collections\Traits\EnumeratesValues.php(735): Illuminate\Translation\FileLoader->Illuminate\Translation\{closure}(Array, 'C:\\xampp\\htdocs...', 0)
#1 C:\xampp\htdocs\booking\vendor\laravel\framework\src\Illuminate\Translation\FileLoader.php(152): Illuminate\Support\Collection->reduce(Object(Closure), Array)
#2 C:\xampp\htdocs\booking\vendor\laravel\framework\src\Illuminate\Translation\FileLoader.php(63): Illuminate\Translation\FileLoader->loadJsonPaths('ar')
#3 C:\xampp\htdocs\booking\vendor\laravel\framework\src\Illuminate\Translation\Translator.php(269): Illuminate\Translation\FileLoader->load('ar', '*', '*')
#4 C:\xampp\htdocs\booking\vendor\laravel\framework\src\Illuminate\Translation\Translator.php(114): Illuminate\Translation\Translator->load('*', '*', 'ar')
#5 C:\xampp\htdocs\booking\vendor\laravel\framework\src\Illuminate\Foundation\helpers.php(934): Illuminate\Translation\Translator->get('Server Error', Array, 'ar')
#6 C:\xampp\htdocs\booking\vendor\laravel\framework\src\Illuminate\Foundation\helpers.php(969): trans('Server Error', Array, NULL)
#7 C:\xampp\htdocs\booking\storage\framework\views\c05ec86597cd5a08c4ce5c36de9900ee2b22ae7b.php(3): __('Server Error')
#8 C:\xampp\htdocs\booking\vendor\laravel\framework\src\Illuminate\Filesystem\Filesystem.php(109): require('C:\\xampp\\htdocs...')
#9 C:\xampp\htdocs\booking\vendor\laravel\framework\src\Illuminate\Filesystem\Filesystem.php(110): Illuminate\Filesystem\Filesystem::Illuminate\Filesystem\{closure}()
#10 C:\xampp\htdocs\booking\vendor\laravel\framework\src\Illuminate\View\Engines\PhpEngine.php(58): Illuminate\Filesystem\Filesystem->getRequire('C:\\xampp\\htdocs...', Array)
#11 C:\xampp\htdocs\booking\vendor\laravel\framework\src\Illuminate\View\Engines\CompilerEngine.php(70): Illuminate\View\Engines\PhpEngine->evaluatePath('C:\\xampp\\htdocs...', Array)
#12 C:\xampp\htdocs\booking\vendor\laravel\framework\src\Illuminate\View\View.php(152): Illuminate\View\Engines\CompilerEngine->get('C:\\xampp\\htdocs...', Array)
#13 C:\xampp\htdocs\booking\vendor\laravel\framework\src\Illuminate\View\View.php(135): Illuminate\View\View->getContents()
#14 C:\xampp\htdocs\booking\vendor\laravel\framework\src\Illuminate\View\View.php(104): Illuminate\View\View->renderContents()
#15 C:\xampp\htdocs\booking\vendor\laravel\framework\src\Illuminate\Http\Response.php(69): Illuminate\View\View->render()
#16 C:\xampp\htdocs\booking\vendor\laravel\framework\src\Illuminate\Http\Response.php(35): Illuminate\Http\Response->setContent(Object(Illuminate\View\View))
#17 C:\xampp\htdocs\booking\vendor\laravel\framework\src\Illuminate\Routing\ResponseFactory.php(57): Illuminate\Http\Response->__construct(Object(Illuminate\View\View), 500, Array)
#18 C:\xampp\htdocs\booking\vendor\laravel\framework\src\Illuminate\Routing\ResponseFactory.php(87): Illuminate\Routing\ResponseFactory->make(Object(Illuminate\View\View), 500, Array)
#19 C:\xampp\htdocs\booking\vendor\laravel\framework\src\Illuminate\Foundation\Exceptions\Handler.php(629): Illuminate\Routing\ResponseFactory->view('errors::500', Array, 500, Array)
#20 C:\xampp\htdocs\booking\vendor\laravel\framework\src\Illuminate\Foundation\Exceptions\Handler.php(554): Illuminate\Foundation\Exceptions\Handler->renderHttpException(Object(Symfony\Component\HttpKernel\Exception\HttpException))
#21 C:\xampp\htdocs\booking\vendor\laravel\framework\src\Illuminate\Foundation\Exceptions\Handler.php(460): Illuminate\Foundation\Exceptions\Handler->prepareResponse(Object(Illuminate\Http\Request), Object(Symfony\Component\HttpKernel\Exception\HttpException))
#22 C:\xampp\htdocs\booking\vendor\laravel\framework\src\Illuminate\Foundation\Exceptions\Handler.php(377): Illuminate\Foundation\Exceptions\Handler->renderExceptionResponse(Object(Illuminate\Http\Request), Object(Spatie\LaravelIgnition\Exceptions\ViewException))
#23 C:\xampp\htdocs\booking\vendor\laravel\framework\src\Illuminate\Foundation\Bootstrap\HandleExceptions.php(229): Illuminate\Foundation\Exceptions\Handler->render(Object(Illuminate\Http\Request), Object(Spatie\LaravelIgnition\Exceptions\ViewException))
#24 C:\xampp\htdocs\booking\vendor\laravel\framework\src\Illuminate\Foundation\Bootstrap\HandleExceptions.php(206): Illuminate\Foundation\Bootstrap\HandleExceptions->renderHttpResponse(Object(Illuminate\View\ViewException))
#25 C:\xampp\htdocs\booking\vendor\laravel\framework\src\Illuminate\Foundation\Bootstrap\HandleExceptions.php(266): Illuminate\Foundation\Bootstrap\HandleExceptions->handleException(Object(Illuminate\View\ViewException))
#26 [internal function]: Illuminate\Foundation\Bootstrap\HandleExceptions->Illuminate\Foundation\Bootstrap\{closure}(Object(Illuminate\View\ViewException))
#27 {main}

Next Illuminate\View\ViewException: Translation file [C:\xampp\htdocs\booking\resources\lang/ar.json] contains an invalid JSON structure. (View: C:\xampp\htdocs\booking\resources\views\errors\500.blade.php) in C:\xampp\htdocs\booking\vendor\laravel\framework\src\Illuminate\Translation\FileLoader.php:145
Stack trace:
#0 C:\xampp\htdocs\booking\vendor\laravel\framework\src\Illuminate\View\Engines\PhpEngine.php(60): Illuminate\View\Engines\CompilerEngine->handleViewException(Object(RuntimeException), 1)
#1 C:\xampp\htdocs\booking\vendor\laravel\framework\src\Illuminate\View\Engines\CompilerEngine.php(70): Illuminate\View\Engines\PhpEngine->evaluatePath('C:\\xampp\\htdocs...', Array)
#2 C:\xampp\htdocs\booking\vendor\laravel\framework\src\Illuminate\View\View.php(152): Illuminate\View\Engines\CompilerEngine->get('C:\\xampp\\htdocs...', Array)
#3 C:\xampp\htdocs\booking\vendor\laravel\framework\src\Illuminate\View\View.php(135): Illuminate\View\View->getContents()
#4 C:\xampp\htdocs\booking\vendor\laravel\framework\src\Illuminate\View\View.php(104): Illuminate\View\View->renderContents()
#5 C:\xampp\htdocs\booking\vendor\laravel\framework\src\Illuminate\Http\Response.php(69): Illuminate\View\View->render()
#6 C:\xampp\htdocs\booking\vendor\laravel\framework\src\Illuminate\Http\Response.php(35): Illuminate\Http\Response->setContent(Object(Illuminate\View\View))
#7 C:\xampp\htdocs\booking\vendor\laravel\framework\src\Illuminate\Routing\ResponseFactory.php(57): Illuminate\Http\Response->__construct(Object(Illuminate\View\View), 500, Array)
#8 C:\xampp\htdocs\booking\vendor\laravel\framework\src\Illuminate\Routing\ResponseFactory.php(87): Illuminate\Routing\ResponseFactory->make(Object(Illuminate\View\View), 500, Array)
#9 C:\xampp\htdocs\booking\vendor\laravel\framework\src\Illuminate\Foundation\Exceptions\Handler.php(629): Illuminate\Routing\ResponseFactory->view('errors::500', Array, 500, Array)
#10 C:\xampp\htdocs\booking\vendor\laravel\framework\src\Illuminate\Foundation\Exceptions\Handler.php(554): Illuminate\Foundation\Exceptions\Handler->renderHttpException(Object(Symfony\Component\HttpKernel\Exception\HttpException))
#11 C:\xampp\htdocs\booking\vendor\laravel\framework\src\Illuminate\Foundation\Exceptions\Handler.php(460): Illuminate\Foundation\Exceptions\Handler->prepareResponse(Object(Illuminate\Http\Request), Object(Symfony\Component\HttpKernel\Exception\HttpException))
#12 C:\xampp\htdocs\booking\vendor\laravel\framework\src\Illuminate\Foundation\Exceptions\Handler.php(377): Illuminate\Foundation\Exceptions\Handler->renderExceptionResponse(Object(Illuminate\Http\Request), Object(Spatie\LaravelIgnition\Exceptions\ViewException))
#13 C:\xampp\htdocs\booking\vendor\laravel\framework\src\Illuminate\Foundation\Bootstrap\HandleExceptions.php(229): Illuminate\Foundation\Exceptions\Handler->render(Object(Illuminate\Http\Request), Object(Spatie\LaravelIgnition\Exceptions\ViewException))
#14 C:\xampp\htdocs\booking\vendor\laravel\framework\src\Illuminate\Foundation\Bootstrap\HandleExceptions.php(206): Illuminate\Foundation\Bootstrap\HandleExceptions->renderHttpResponse(Object(Illuminate\View\ViewException))
#15 C:\xampp\htdocs\booking\vendor\laravel\framework\src\Illuminate\Foundation\Bootstrap\HandleExceptions.php(266): Illuminate\Foundation\Bootstrap\HandleExceptions->handleException(Object(Illuminate\View\ViewException))
#16 [internal function]: Illuminate\Foundation\Bootstrap\HandleExceptions->Illuminate\Foundation\Bootstrap\{closure}(Object(Illuminate\View\ViewException))
#17 {main}
  thrown {"exception":"[object] (Symfony\\Component\\ErrorHandler\\Error\\FatalError(code: 0): Uncaught RuntimeException: Translation file [C:\\xampp\\htdocs\\booking\\resources\\lang/ar.json] contains an invalid JSON structure. in C:\\xampp\\htdocs\\booking\\vendor\\laravel\\framework\\src\\Illuminate\\Translation\\FileLoader.php:145
Stack trace:
#0 C:\\xampp\\htdocs\\booking\\vendor\\laravel\\framework\\src\\Illuminate\\Collections\\Traits\\EnumeratesValues.php(735): Illuminate\\Translation\\FileLoader->Illuminate\\Translation\\{closure}(Array, 'C:\\\\xampp\\\\htdocs...', 0)
#1 C:\\xampp\\htdocs\\booking\\vendor\\laravel\\framework\\src\\Illuminate\\Translation\\FileLoader.php(152): Illuminate\\Support\\Collection->reduce(Object(Closure), Array)
#2 C:\\xampp\\htdocs\\booking\\vendor\\laravel\\framework\\src\\Illuminate\\Translation\\FileLoader.php(63): Illuminate\\Translation\\FileLoader->loadJsonPaths('ar')
#3 C:\\xampp\\htdocs\\booking\\vendor\\laravel\\framework\\src\\Illuminate\\Translation\\Translator.php(269): Illuminate\\Translation\\FileLoader->load('ar', '*', '*')
#4 C:\\xampp\\htdocs\\booking\\vendor\\laravel\\framework\\src\\Illuminate\\Translation\\Translator.php(114): Illuminate\\Translation\\Translator->load('*', '*', 'ar')
#5 C:\\xampp\\htdocs\\booking\\vendor\\laravel\\framework\\src\\Illuminate\\Foundation\\helpers.php(934): Illuminate\\Translation\\Translator->get('Server Error', Array, 'ar')
#6 C:\\xampp\\htdocs\\booking\\vendor\\laravel\\framework\\src\\Illuminate\\Foundation\\helpers.php(969): trans('Server Error', Array, NULL)
#7 C:\\xampp\\htdocs\\booking\\storage\\framework\\views\\c05ec86597cd5a08c4ce5c36de9900ee2b22ae7b.php(3): __('Server Error')
#8 C:\\xampp\\htdocs\\booking\\vendor\\laravel\\framework\\src\\Illuminate\\Filesystem\\Filesystem.php(109): require('C:\\\\xampp\\\\htdocs...')
#9 C:\\xampp\\htdocs\\booking\\vendor\\laravel\\framework\\src\\Illuminate\\Filesystem\\Filesystem.php(110): Illuminate\\Filesystem\\Filesystem::Illuminate\\Filesystem\\{closure}()
#10 C:\\xampp\\htdocs\\booking\\vendor\\laravel\\framework\\src\\Illuminate\\View\\Engines\\PhpEngine.php(58): Illuminate\\Filesystem\\Filesystem->getRequire('C:\\\\xampp\\\\htdocs...', Array)
#11 C:\\xampp\\htdocs\\booking\\vendor\\laravel\\framework\\src\\Illuminate\\View\\Engines\\CompilerEngine.php(70): Illuminate\\View\\Engines\\PhpEngine->evaluatePath('C:\\\\xampp\\\\htdocs...', Array)
#12 C:\\xampp\\htdocs\\booking\\vendor\\laravel\\framework\\src\\Illuminate\\View\\View.php(152): Illuminate\\View\\Engines\\CompilerEngine->get('C:\\\\xampp\\\\htdocs...', Array)
#13 C:\\xampp\\htdocs\\booking\\vendor\\laravel\\framework\\src\\Illuminate\\View\\View.php(135): Illuminate\\View\\View->getContents()
#14 C:\\xampp\\htdocs\\booking\\vendor\\laravel\\framework\\src\\Illuminate\\View\\View.php(104): Illuminate\\View\\View->renderContents()
#15 C:\\xampp\\htdocs\\booking\\vendor\\laravel\\framework\\src\\Illuminate\\Http\\Response.php(69): Illuminate\\View\\View->render()
#16 C:\\xampp\\htdocs\\booking\\vendor\\laravel\\framework\\src\\Illuminate\\Http\\Response.php(35): Illuminate\\Http\\Response->setContent(Object(Illuminate\\View\\View))
#17 C:\\xampp\\htdocs\\booking\\vendor\\laravel\\framework\\src\\Illuminate\\Routing\\ResponseFactory.php(57): Illuminate\\Http\\Response->__construct(Object(Illuminate\\View\\View), 500, Array)
#18 C:\\xampp\\htdocs\\booking\\vendor\\laravel\\framework\\src\\Illuminate\\Routing\\ResponseFactory.php(87): Illuminate\\Routing\\ResponseFactory->make(Object(Illuminate\\View\\View), 500, Array)
#19 C:\\xampp\\htdocs\\booking\\vendor\\laravel\\framework\\src\\Illuminate\\Foundation\\Exceptions\\Handler.php(629): Illuminate\\Routing\\ResponseFactory->view('errors::500', Array, 500, Array)
#20 C:\\xampp\\htdocs\\booking\\vendor\\laravel\\framework\\src\\Illuminate\\Foundation\\Exceptions\\Handler.php(554): Illuminate\\Foundation\\Exceptions\\Handler->renderHttpException(Object(Symfony\\Component\\HttpKernel\\Exception\\HttpException))
#21 C:\\xampp\\htdocs\\booking\\vendor\\laravel\\framework\\src\\Illuminate\\Foundation\\Exceptions\\Handler.php(460): Illuminate\\Foundation\\Exceptions\\Handler->prepareResponse(Object(Illuminate\\Http\\Request), Object(Symfony\\Component\\HttpKernel\\Exception\\HttpException))
#22 C:\\xampp\\htdocs\\booking\\vendor\\laravel\\framework\\src\\Illuminate\\Foundation\\Exceptions\\Handler.php(377): Illuminate\\Foundation\\Exceptions\\Handler->renderExceptionResponse(Object(Illuminate\\Http\\Request), Object(Spatie\\LaravelIgnition\\Exceptions\\ViewException))
#23 C:\\xampp\\htdocs\\booking\\vendor\\laravel\\framework\\src\\Illuminate\\Foundation\\Bootstrap\\HandleExceptions.php(229): Illuminate\\Foundation\\Exceptions\\Handler->render(Object(Illuminate\\Http\\Request), Object(Spatie\\LaravelIgnition\\Exceptions\\ViewException))
#24 C:\\xampp\\htdocs\\booking\\vendor\\laravel\\framework\\src\\Illuminate\\Foundation\\Bootstrap\\HandleExceptions.php(206): Illuminate\\Foundation\\Bootstrap\\HandleExceptions->renderHttpResponse(Object(Illuminate\\View\\ViewException))
#25 C:\\xampp\\htdocs\\booking\\vendor\\laravel\\framework\\src\\Illuminate\\Foundation\\Bootstrap\\HandleExceptions.php(266): Illuminate\\Foundation\\Bootstrap\\HandleExceptions->handleException(Object(Illuminate\\View\\ViewException))
#26 [internal function]: Illuminate\\Foundation\\Bootstrap\\HandleExceptions->Illuminate\\Foundation\\Bootstrap\\{closure}(Object(Illuminate\\View\\ViewException))
#27 {main}

Next Illuminate\\View\\ViewException: Translation file [C:\\xampp\\htdocs\\booking\\resources\\lang/ar.json] contains an invalid JSON structure. (View: C:\\xampp\\htdocs\\booking\\resources\\views\\errors\\500.blade.php) in C:\\xampp\\htdocs\\booking\\vendor\\laravel\\framework\\src\\Illuminate\\Translation\\FileLoader.php:145
Stack trace:
#0 C:\\xampp\\htdocs\\booking\\vendor\\laravel\\framework\\src\\Illuminate\\View\\Engines\\PhpEngine.php(60): Illuminate\\View\\Engines\\CompilerEngine->handleViewException(Object(RuntimeException), 1)
#1 C:\\xampp\\htdocs\\booking\\vendor\\laravel\\framework\\src\\Illuminate\\View\\Engines\\CompilerEngine.php(70): Illuminate\\View\\Engines\\PhpEngine->evaluatePath('C:\\\\xampp\\\\htdocs...', Array)
#2 C:\\xampp\\htdocs\\booking\\vendor\\laravel\\framework\\src\\Illuminate\\View\\View.php(152): Illuminate\\View\\Engines\\CompilerEngine->get('C:\\\\xampp\\\\htdocs...', Array)
#3 C:\\xampp\\htdocs\\booking\\vendor\\laravel\\framework\\src\\Illuminate\\View\\View.php(135): Illuminate\\View\\View->getContents()
#4 C:\\xampp\\htdocs\\booking\\vendor\\laravel\\framework\\src\\Illuminate\\View\\View.php(104): Illuminate\\View\\View->renderContents()
#5 C:\\xampp\\htdocs\\booking\\vendor\\laravel\\framework\\src\\Illuminate\\Http\\Response.php(69): Illuminate\\View\\View->render()
#6 C:\\xampp\\htdocs\\booking\\vendor\\laravel\\framework\\src\\Illuminate\\Http\\Response.php(35): Illuminate\\Http\\Response->setContent(Object(Illuminate\\View\\View))
#7 C:\\xampp\\htdocs\\booking\\vendor\\laravel\\framework\\src\\Illuminate\\Routing\\ResponseFactory.php(57): Illuminate\\Http\\Response->__construct(Object(Illuminate\\View\\View), 500, Array)
#8 C:\\xampp\\htdocs\\booking\\vendor\\laravel\\framework\\src\\Illuminate\\Routing\\ResponseFactory.php(87): Illuminate\\Routing\\ResponseFactory->make(Object(Illuminate\\View\\View), 500, Array)
#9 C:\\xampp\\htdocs\\booking\\vendor\\laravel\\framework\\src\\Illuminate\\Foundation\\Exceptions\\Handler.php(629): Illuminate\\Routing\\ResponseFactory->view('errors::500', Array, 500, Array)
#10 C:\\xampp\\htdocs\\booking\\vendor\\laravel\\framework\\src\\Illuminate\\Foundation\\Exceptions\\Handler.php(554): Illuminate\\Foundation\\Exceptions\\Handler->renderHttpException(Object(Symfony\\Component\\HttpKernel\\Exception\\HttpException))
#11 C:\\xampp\\htdocs\\booking\\vendor\\laravel\\framework\\src\\Illuminate\\Foundation\\Exceptions\\Handler.php(460): Illuminate\\Foundation\\Exceptions\\Handler->prepareResponse(Object(Illuminate\\Http\\Request), Object(Symfony\\Component\\HttpKernel\\Exception\\HttpException))
#12 C:\\xampp\\htdocs\\booking\\vendor\\laravel\\framework\\src\\Illuminate\\Foundation\\Exceptions\\Handler.php(377): Illuminate\\Foundation\\Exceptions\\Handler->renderExceptionResponse(Object(Illuminate\\Http\\Request), Object(Spatie\\LaravelIgnition\\Exceptions\\ViewException))
#13 C:\\xampp\\htdocs\\booking\\vendor\\laravel\\framework\\src\\Illuminate\\Foundation\\Bootstrap\\HandleExceptions.php(229): Illuminate\\Foundation\\Exceptions\\Handler->render(Object(Illuminate\\Http\\Request), Object(Spatie\\LaravelIgnition\\Exceptions\\ViewException))
#14 C:\\xampp\\htdocs\\booking\\vendor\\laravel\\framework\\src\\Illuminate\\Foundation\\Bootstrap\\HandleExceptions.php(206): Illuminate\\Foundation\\Bootstrap\\HandleExceptions->renderHttpResponse(Object(Illuminate\\View\\ViewException))
#15 C:\\xampp\\htdocs\\booking\\vendor\\laravel\\framework\\src\\Illuminate\\Foundation\\Bootstrap\\HandleExceptions.php(266): Illuminate\\Foundation\\Bootstrap\\HandleExceptions->handleException(Object(Illuminate\\View\\ViewException))
#16 [internal function]: Illuminate\\Foundation\\Bootstrap\\HandleExceptions->Illuminate\\Foundation\\Bootstrap\\{closure}(Object(Illuminate\\View\\ViewException))
#17 {main}
  thrown at C:\\xampp\\htdocs\\booking\\vendor\\laravel\\framework\\src\\Illuminate\\Translation\\FileLoader.php:145)
[stacktrace]
#0 {main}
"} 
